<?xml version="1.0" encoding="UTF-8"?>
<testsuite xmlns:xsi="http://www.w3.org/2001/XMLSchema-instance" xsi:noNamespaceSchemaLocation="https://maven.apache.org/surefire/maven-failsafe-plugin/xsd/failsafe-test-report-3.0.xsd" version="3.0" name="Google" time="50.1" tests="1" errors="0" skipped="0" failures="0">
  <properties>
    <property name="gopherProxySet" value="false"/>
    <property name="awt.toolkit" value="sun.lwawt.macosx.LWCToolkit"/>
    <property name="java.specification.version" value="11"/>
    <property name="sun.cpu.isalist" value=""/>
    <property name="sun.jnu.encoding" value="UTF-8"/>
    <property name="java.class.path" value="/Users/shubhamr/Downloads/SerenityBDD/target/test-classes:/Users/shubhamr/.m2/repository/net/serenity-bdd/serenity-core/3.5.1/serenity-core-3.5.1.jar:/Users/shubhamr/.m2/repository/net/serenity-bdd/serenity-model/3.5.1/serenity-model-3.5.1.jar:/Users/shubhamr/.m2/repository/org/apache/commons/commons-text/1.10.0/commons-text-1.10.0.jar:/Users/shubhamr/.m2/repository/commons-net/commons-net/3.8.0/commons-net-3.8.0.jar:/Users/shubhamr/.m2/repository/com/google/guava/guava/31.1-jre/guava-31.1-jre.jar:/Users/shubhamr/.m2/repository/com/google/guava/failureaccess/1.0.1/failureaccess-1.0.1.jar:/Users/shubhamr/.m2/repository/com/google/guava/listenablefuture/9999.0-empty-to-avoid-conflict-with-guava/listenablefuture-9999.0-empty-to-avoid-conflict-with-guava.jar:/Users/shubhamr/.m2/repository/com/google/code/findbugs/jsr305/3.0.2/jsr305-3.0.2.jar:/Users/shubhamr/.m2/repository/org/checkerframework/checker-qual/3.12.0/checker-qual-3.12.0.jar:/Users/shubhamr/.m2/repository/com/google/errorprone/error_prone_annotations/2.11.0/error_prone_annotations-2.11.0.jar:/Users/shubhamr/.m2/repository/com/google/j2objc/j2objc-annotations/1.3/j2objc-annotations-1.3.jar:/Users/shubhamr/.m2/repository/org/slf4j/slf4j-api/1.7.30/slf4j-api-1.7.30.jar:/Users/shubhamr/.m2/repository/com/google/inject/guice/5.1.0/guice-5.1.0.jar:/Users/shubhamr/.m2/repository/javax/inject/javax.inject/1/javax.inject-1.jar:/Users/shubhamr/.m2/repository/aopalliance/aopalliance/1.0/aopalliance-1.0.jar:/Users/shubhamr/.m2/repository/org/jsoup/jsoup/1.14.3/jsoup-1.14.3.jar:/Users/shubhamr/.m2/repository/com/thoughtworks/xstream/xstream/1.4.19/xstream-1.4.19.jar:/Users/shubhamr/.m2/repository/io/github/x-stream/mxparser/1.2.2/mxparser-1.2.2.jar:/Users/shubhamr/.m2/repository/xmlpull/xmlpull/1.1.3.1/xmlpull-1.1.3.1.jar:/Users/shubhamr/.m2/repository/com/typesafe/config/1.4.2/config-1.4.2.jar:/Users/shubhamr/.m2/repository/org/imgscalr/imgscalr-lib/4.2/imgscalr-lib-4.2.jar:/Users/shubhamr/.m2/repository/org/awaitility/awaitility/4.2.0/awaitility-4.2.0.jar:/Users/shubhamr/.m2/repository/org/freemarker/freemarker/2.3.31/freemarker-2.3.31.jar:/Users/shubhamr/.m2/repository/io/github/classgraph/classgraph/4.8.138/classgraph-4.8.138.jar:/Users/shubhamr/.m2/repository/net/sourceforge/jexcelapi/jxl/2.6.12/jxl-2.6.12.jar:/Users/shubhamr/.m2/repository/net/bytebuddy/byte-buddy/1.12.18/byte-buddy-1.12.18.jar:/Users/shubhamr/.m2/repository/net/bytebuddy/byte-buddy-agent/1.12.18/byte-buddy-agent-1.12.18.jar:/Users/shubhamr/.m2/repository/org/objenesis/objenesis/3.1/objenesis-3.1.jar:/Users/shubhamr/.m2/repository/net/serenity-bdd/serenity-reports/3.5.1/serenity-reports-3.5.1.jar:/Users/shubhamr/.m2/repository/net/serenity-bdd/serenity-stats/3.5.1/serenity-stats-3.5.1.jar:/Users/shubhamr/.m2/repository/org/jetbrains/kotlin/kotlin-stdlib/1.7.21/kotlin-stdlib-1.7.21.jar:/Users/shubhamr/.m2/repository/org/jetbrains/kotlin/kotlin-stdlib-common/1.7.21/kotlin-stdlib-common-1.7.21.jar:/Users/shubhamr/.m2/repository/org/jetbrains/annotations/13.0/annotations-13.0.jar:/Users/shubhamr/.m2/repository/net/serenity-bdd/serenity-reports-configuration/3.5.1/serenity-reports-configuration-3.5.1.jar:/Users/shubhamr/.m2/repository/com/vladsch/flexmark/flexmark-all/0.34.30/flexmark-all-0.34.30.jar:/Users/shubhamr/.m2/repository/com/vladsch/flexmark/flexmark/0.34.30/flexmark-0.34.30.jar:/Users/shubhamr/.m2/repository/com/vladsch/flexmark/flexmark-ext-abbreviation/0.34.30/flexmark-ext-abbreviation-0.34.30.jar:/Users/shubhamr/.m2/repository/com/vladsch/flexmark/flexmark-ext-admonition/0.34.30/flexmark-ext-admonition-0.34.30.jar:/Users/shubhamr/.m2/repository/com/vladsch/flexmark/flexmark-ext-anchorlink/0.34.30/flexmark-ext-anchorlink-0.34.30.jar:/Users/shubhamr/.m2/repository/com/vladsch/flexmark/flexmark-ext-aside/0.34.30/flexmark-ext-aside-0.34.30.jar:/Users/shubhamr/.m2/repository/com/vladsch/flexmark/flexmark-ext-attributes/0.34.30/flexmark-ext-attributes-0.34.30.jar:/Users/shubhamr/.m2/repository/com/vladsch/flexmark/flexmark-ext-autolink/0.34.30/flexmark-ext-autolink-0.34.30.jar:/Users/shubhamr/.m2/repository/org/nibor/autolink/autolink/0.6.0/autolink-0.6.0.jar:/Users/shubhamr/.m2/repository/com/vladsch/flexmark/flexmark-ext-definition/0.34.30/flexmark-ext-definition-0.34.30.jar:/Users/shubhamr/.m2/repository/com/vladsch/flexmark/flexmark-ext-emoji/0.34.30/flexmark-ext-emoji-0.34.30.jar:/Users/shubhamr/.m2/repository/com/vladsch/flexmark/flexmark-ext-enumerated-reference/0.34.30/flexmark-ext-enumerated-reference-0.34.30.jar:/Users/shubhamr/.m2/repository/com/vladsch/flexmark/flexmark-ext-escaped-character/0.34.30/flexmark-ext-escaped-character-0.34.30.jar:/Users/shubhamr/.m2/repository/com/vladsch/flexmark/flexmark-ext-footnotes/0.34.30/flexmark-ext-footnotes-0.34.30.jar:/Users/shubhamr/.m2/repository/com/vladsch/flexmark/flexmark-ext-gfm-issues/0.34.30/flexmark-ext-gfm-issues-0.34.30.jar:/Users/shubhamr/.m2/repository/com/vladsch/flexmark/flexmark-ext-gfm-strikethrough/0.34.30/flexmark-ext-gfm-strikethrough-0.34.30.jar:/Users/shubhamr/.m2/repository/com/vladsch/flexmark/flexmark-ext-gfm-tables/0.34.30/flexmark-ext-gfm-tables-0.34.30.jar:/Users/shubhamr/.m2/repository/com/vladsch/flexmark/flexmark-ext-gfm-tasklist/0.34.30/flexmark-ext-gfm-tasklist-0.34.30.jar:/Users/shubhamr/.m2/repository/com/vladsch/flexmark/flexmark-ext-gfm-users/0.34.30/flexmark-ext-gfm-users-0.34.30.jar:/Users/shubhamr/.m2/repository/com/vladsch/flexmark/flexmark-ext-gitlab/0.34.30/flexmark-ext-gitlab-0.34.30.jar:/Users/shubhamr/.m2/repository/com/vladsch/flexmark/flexmark-ext-jekyll-front-matter/0.34.30/flexmark-ext-jekyll-front-matter-0.34.30.jar:/Users/shubhamr/.m2/repository/com/vladsch/flexmark/flexmark-ext-jekyll-tag/0.34.30/flexmark-ext-jekyll-tag-0.34.30.jar:/Users/shubhamr/.m2/repository/com/vladsch/flexmark/flexmark-ext-media-tags/0.34.30/flexmark-ext-media-tags-0.34.30.jar:/Users/shubhamr/.m2/repository/com/vladsch/flexmark/flexmark-test-util/0.34.30/flexmark-test-util-0.34.30.jar:/Users/shubhamr/.m2/repository/com/vladsch/flexmark/flexmark-ext-ins/0.34.30/flexmark-ext-ins-0.34.30.jar:/Users/shubhamr/.m2/repository/com/vladsch/flexmark/flexmark-ext-xwiki-macros/0.34.30/flexmark-ext-xwiki-macros-0.34.30.jar:/Users/shubhamr/.m2/repository/com/vladsch/flexmark/flexmark-ext-superscript/0.34.30/flexmark-ext-superscript-0.34.30.jar:/Users/shubhamr/.m2/repository/com/vladsch/flexmark/flexmark-ext-tables/0.34.30/flexmark-ext-tables-0.34.30.jar:/Users/shubhamr/.m2/repository/com/vladsch/flexmark/flexmark-ext-toc/0.34.30/flexmark-ext-toc-0.34.30.jar:/Users/shubhamr/.m2/repository/com/vladsch/flexmark/flexmark-ext-typographic/0.34.30/flexmark-ext-typographic-0.34.30.jar:/Users/shubhamr/.m2/repository/com/vladsch/flexmark/flexmark-ext-wikilink/0.34.30/flexmark-ext-wikilink-0.34.30.jar:/Users/shubhamr/.m2/repository/com/vladsch/flexmark/flexmark-ext-yaml-front-matter/0.34.30/flexmark-ext-yaml-front-matter-0.34.30.jar:/Users/shubhamr/.m2/repository/com/vladsch/flexmark/flexmark-ext-youtube-embedded/0.34.30/flexmark-ext-youtube-embedded-0.34.30.jar:/Users/shubhamr/.m2/repository/com/vladsch/flexmark/flexmark-formatter/0.34.30/flexmark-formatter-0.34.30.jar:/Users/shubhamr/.m2/repository/com/vladsch/flexmark/flexmark-html-parser/0.34.30/flexmark-html-parser-0.34.30.jar:/Users/shubhamr/.m2/repository/com/vladsch/flexmark/flexmark-jira-converter/0.34.30/flexmark-jira-converter-0.34.30.jar:/Users/shubhamr/.m2/repository/com/vladsch/flexmark/flexmark-pdf-converter/0.34.30/flexmark-pdf-converter-0.34.30.jar:/Users/shubhamr/.m2/repository/com/openhtmltopdf/openhtmltopdf-core/0.0.1-RC13/openhtmltopdf-core-0.0.1-RC13.jar:/Users/shubhamr/.m2/repository/com/openhtmltopdf/openhtmltopdf-pdfbox/0.0.1-RC13/openhtmltopdf-pdfbox-0.0.1-RC13.jar:/Users/shubhamr/.m2/repository/org/apache/pdfbox/pdfbox/2.0.8/pdfbox-2.0.8.jar:/Users/shubhamr/.m2/repository/org/apache/pdfbox/fontbox/2.0.8/fontbox-2.0.8.jar:/Users/shubhamr/.m2/repository/org/apache/pdfbox/xmpbox/2.0.8/xmpbox-2.0.8.jar:/Users/shubhamr/.m2/repository/de/rototor/pdfbox/graphics2d/0.12/graphics2d-0.12.jar:/Users/shubhamr/.m2/repository/com/openhtmltopdf/openhtmltopdf-rtl-support/0.0.1-RC13/openhtmltopdf-rtl-support-0.0.1-RC13.jar:/Users/shubhamr/.m2/repository/com/ibm/icu/icu4j/59.1/icu4j-59.1.jar:/Users/shubhamr/.m2/repository/com/openhtmltopdf/openhtmltopdf-jsoup-dom-converter/0.0.1-RC13/openhtmltopdf-jsoup-dom-converter-0.0.1-RC13.jar:/Users/shubhamr/.m2/repository/com/vladsch/flexmark/flexmark-profile-pegdown/0.34.30/flexmark-profile-pegdown-0.34.30.jar:/Users/shubhamr/.m2/repository/com/vladsch/flexmark/flexmark-util/0.34.30/flexmark-util-0.34.30.jar:/Users/shubhamr/.m2/repository/com/vladsch/flexmark/flexmark-youtrack-converter/0.34.30/flexmark-youtrack-converter-0.34.30.jar:/Users/shubhamr/.m2/repository/es/nitaur/markdown/txtmark/0.16/txtmark-0.16.jar:/Users/shubhamr/.m2/repository/net/serenity-bdd/serenity-report-resources/3.5.1/serenity-report-resources-3.5.1.jar:/Users/shubhamr/.m2/repository/com/google/code/gson/gson/2.9.0/gson-2.9.0.jar:/Users/shubhamr/.m2/repository/com/fasterxml/jackson/core/jackson-core/2.13.4/jackson-core-2.13.4.jar:/Users/shubhamr/.m2/repository/com/fasterxml/jackson/core/jackson-databind/2.13.4/jackson-databind-2.13.4.jar:/Users/shubhamr/.m2/repository/com/fasterxml/jackson/core/jackson-annotations/2.13.4/jackson-annotations-2.13.4.jar:/Users/shubhamr/.m2/repository/commons-codec/commons-codec/1.15/commons-codec-1.15.jar:/Users/shubhamr/.m2/repository/commons-io/commons-io/2.11.0/commons-io-2.11.0.jar:/Users/shubhamr/.m2/repository/org/apache/httpcomponents/httpclient/4.5.13/httpclient-4.5.13.jar:/Users/shubhamr/.m2/repository/org/apache/httpcomponents/httpcore/4.4.13/httpcore-4.4.13.jar:/Users/shubhamr/.m2/repository/commons-logging/commons-logging/1.2/commons-logging-1.2.jar:/Users/shubhamr/.m2/repository/org/seleniumhq/selenium/selenium-java/4.7.1/selenium-java-4.7.1.jar:/Users/shubhamr/.m2/repository/org/seleniumhq/selenium/selenium-devtools-v106/4.7.1/selenium-devtools-v106-4.7.1.jar:/Users/shubhamr/.m2/repository/org/seleniumhq/selenium/selenium-devtools-v107/4.7.1/selenium-devtools-v107-4.7.1.jar:/Users/shubhamr/.m2/repository/org/seleniumhq/selenium/selenium-devtools-v108/4.7.1/selenium-devtools-v108-4.7.1.jar:/Users/shubhamr/.m2/repository/org/seleniumhq/selenium/selenium-devtools-v85/4.7.1/selenium-devtools-v85-4.7.1.jar:/Users/shubhamr/.m2/repository/org/seleniumhq/selenium/selenium-remote-driver/4.7.1/selenium-remote-driver-4.7.1.jar:/Users/shubhamr/.m2/repository/com/beust/jcommander/1.82/jcommander-1.82.jar:/Users/shubhamr/.m2/repository/io/netty/netty-buffer/4.1.84.Final/netty-buffer-4.1.84.Final.jar:/Users/shubhamr/.m2/repository/io/netty/netty-codec-http/4.1.84.Final/netty-codec-http-4.1.84.Final.jar:/Users/shubhamr/.m2/repository/io/netty/netty-codec/4.1.84.Final/netty-codec-4.1.84.Final.jar:/Users/shubhamr/.m2/repository/io/netty/netty-handler/4.1.84.Final/netty-handler-4.1.84.Final.jar:/Users/shubhamr/.m2/repository/io/netty/netty-common/4.1.84.Final/netty-common-4.1.84.Final.jar:/Users/shubhamr/.m2/repository/io/netty/netty-transport-classes-epoll/4.1.84.Final/netty-transport-classes-epoll-4.1.84.Final.jar:/Users/shubhamr/.m2/repository/io/netty/netty-transport-classes-kqueue/4.1.84.Final/netty-transport-classes-kqueue-4.1.84.Final.jar:/Users/shubhamr/.m2/repository/io/netty/netty-transport-native-epoll/4.1.84.Final/netty-transport-native-epoll-4.1.84.Final.jar:/Users/shubhamr/.m2/repository/io/netty/netty-transport-native-kqueue/4.1.84.Final/netty-transport-native-kqueue-4.1.84.Final.jar:/Users/shubhamr/.m2/repository/io/netty/netty-transport-native-unix-common/4.1.84.Final/netty-transport-native-unix-common-4.1.84.Final.jar:/Users/shubhamr/.m2/repository/io/netty/netty-transport/4.1.84.Final/netty-transport-4.1.84.Final.jar:/Users/shubhamr/.m2/repository/io/netty/netty-resolver/4.1.84.Final/netty-resolver-4.1.84.Final.jar:/Users/shubhamr/.m2/repository/io/opentelemetry/opentelemetry-api/1.19.0/opentelemetry-api-1.19.0.jar:/Users/shubhamr/.m2/repository/io/opentelemetry/opentelemetry-context/1.19.0/opentelemetry-context-1.19.0.jar:/Users/shubhamr/.m2/repository/io/opentelemetry/opentelemetry-exporter-logging/1.19.0/opentelemetry-exporter-logging-1.19.0.jar:/Users/shubhamr/.m2/repository/io/opentelemetry/opentelemetry-sdk-metrics/1.19.0/opentelemetry-sdk-metrics-1.19.0.jar:/Users/shubhamr/.m2/repository/io/opentelemetry/opentelemetry-sdk-logs/1.19.0-alpha/opentelemetry-sdk-logs-1.19.0-alpha.jar:/Users/shubhamr/.m2/repository/io/opentelemetry/opentelemetry-api-logs/1.19.0-alpha/opentelemetry-api-logs-1.19.0-alpha.jar:/Users/shubhamr/.m2/repository/io/opentelemetry/opentelemetry-sdk-common/1.19.0/opentelemetry-sdk-common-1.19.0.jar:/Users/shubhamr/.m2/repository/io/opentelemetry/opentelemetry-sdk-extension-autoconfigure-spi/1.19.0/opentelemetry-sdk-extension-autoconfigure-spi-1.19.0.jar:/Users/shubhamr/.m2/repository/io/opentelemetry/opentelemetry-sdk-extension-autoconfigure/1.19.0-alpha/opentelemetry-sdk-extension-autoconfigure-1.19.0-alpha.jar:/Users/shubhamr/.m2/repository/io/opentelemetry/opentelemetry-exporter-common/1.19.0/opentelemetry-exporter-common-1.19.0.jar:/Users/shubhamr/.m2/repository/io/opentelemetry/opentelemetry-sdk-trace/1.19.0/opentelemetry-sdk-trace-1.19.0.jar:/Users/shubhamr/.m2/repository/io/opentelemetry/opentelemetry-sdk/1.19.0/opentelemetry-sdk-1.19.0.jar:/Users/shubhamr/.m2/repository/io/opentelemetry/opentelemetry-semconv/1.19.0-alpha/opentelemetry-semconv-1.19.0-alpha.jar:/Users/shubhamr/.m2/repository/io/ous/jtoml/2.0.0/jtoml-2.0.0.jar:/Users/shubhamr/.m2/repository/org/apache/commons/commons-exec/1.3/commons-exec-1.3.jar:/Users/shubhamr/.m2/repository/org/asynchttpclient/async-http-client/2.12.3/async-http-client-2.12.3.jar:/Users/shubhamr/.m2/repository/org/asynchttpclient/async-http-client-netty-utils/2.12.3/async-http-client-netty-utils-2.12.3.jar:/Users/shubhamr/.m2/repository/io/netty/netty-codec-socks/4.1.60.Final/netty-codec-socks-4.1.60.Final.jar:/Users/shubhamr/.m2/repository/io/netty/netty-handler-proxy/4.1.60.Final/netty-handler-proxy-4.1.60.Final.jar:/Users/shubhamr/.m2/repository/io/netty/netty-transport-native-epoll/4.1.60.Final/netty-transport-native-epoll-4.1.60.Final-linux-x86_64.jar:/Users/shubhamr/.m2/repository/io/netty/netty-transport-native-kqueue/4.1.60.Final/netty-transport-native-kqueue-4.1.60.Final-osx-x86_64.jar:/Users/shubhamr/.m2/repository/org/reactivestreams/reactive-streams/1.0.3/reactive-streams-1.0.3.jar:/Users/shubhamr/.m2/repository/com/typesafe/netty/netty-reactive-streams/2.0.4/netty-reactive-streams-2.0.4.jar:/Users/shubhamr/.m2/repository/org/seleniumhq/selenium/selenium-manager/4.7.1/selenium-manager-4.7.1.jar:/Users/shubhamr/.m2/repository/org/seleniumhq/selenium/selenium-safari-driver/4.7.1/selenium-safari-driver-4.7.1.jar:/Users/shubhamr/.m2/repository/org/seleniumhq/selenium/selenium-api/4.7.1/selenium-api-4.7.1.jar:/Users/shubhamr/.m2/repository/org/seleniumhq/selenium/selenium-support/4.7.1/selenium-support-4.7.1.jar:/Users/shubhamr/.m2/repository/com/google/auto/service/auto-service-annotations/1.0.1/auto-service-annotations-1.0.1.jar:/Users/shubhamr/.m2/repository/com/google/auto/service/auto-service/1.0.1/auto-service-1.0.1.jar:/Users/shubhamr/.m2/repository/com/google/auto/auto-common/1.2/auto-common-1.2.jar:/Users/shubhamr/.m2/repository/org/seleniumhq/selenium/selenium-json/4.7.1/selenium-json-4.7.1.jar:/Users/shubhamr/.m2/repository/org/seleniumhq/selenium/selenium-chrome-driver/4.7.1/selenium-chrome-driver-4.7.1.jar:/Users/shubhamr/.m2/repository/org/seleniumhq/selenium/selenium-chromium-driver/4.7.1/selenium-chromium-driver-4.7.1.jar:/Users/shubhamr/.m2/repository/org/seleniumhq/selenium/selenium-firefox-driver/4.7.1/selenium-firefox-driver-4.7.1.jar:/Users/shubhamr/.m2/repository/org/seleniumhq/selenium/selenium-http/4.7.1/selenium-http-4.7.1.jar:/Users/shubhamr/.m2/repository/dev/failsafe/failsafe/3.3.0/failsafe-3.3.0.jar:/Users/shubhamr/.m2/repository/org/seleniumhq/selenium/selenium-edge-driver/4.7.1/selenium-edge-driver-4.7.1.jar:/Users/shubhamr/.m2/repository/org/seleniumhq/selenium/selenium-ie-driver/4.7.1/selenium-ie-driver-4.7.1.jar:/Users/shubhamr/.m2/repository/org/projectlombok/lombok/1.18.20/lombok-1.18.20.jar:/Users/shubhamr/.m2/repository/io/appium/java-client/8.3.0/java-client-8.3.0.jar:/Users/shubhamr/.m2/repository/commons-validator/commons-validator/1.7/commons-validator-1.7.jar:/Users/shubhamr/.m2/repository/commons-digester/commons-digester/2.1/commons-digester-2.1.jar:/Users/shubhamr/.m2/repository/org/apache/groovy/groovy/4.0.6/groovy-4.0.6.jar:/Users/shubhamr/.m2/repository/net/sf/opencsv/opencsv/2.0/opencsv-2.0.jar:/Users/shubhamr/.m2/repository/commons-beanutils/commons-beanutils/1.9.4/commons-beanutils-1.9.4.jar:/Users/shubhamr/.m2/repository/org/apache/commons/commons-lang3/3.12.0/commons-lang3-3.12.0.jar:/Users/shubhamr/.m2/repository/commons-collections/commons-collections/3.2.2/commons-collections-3.2.2.jar:/Users/shubhamr/.m2/repository/org/fluentlenium/fluentlenium-core/0.10.2/fluentlenium-core-0.10.2.jar:/Users/shubhamr/.m2/repository/io/github/bonigarcia/webdrivermanager/5.3.0/webdrivermanager-5.3.0.jar:/Users/shubhamr/.m2/repository/com/github/docker-java/docker-java/3.2.13/docker-java-3.2.13.jar:/Users/shubhamr/.m2/repository/com/github/docker-java/docker-java-core/3.2.13/docker-java-core-3.2.13.jar:/Users/shubhamr/.m2/repository/com/github/docker-java/docker-java-api/3.2.13/docker-java-api-3.2.13.jar:/Users/shubhamr/.m2/repository/org/apache/commons/commons-compress/1.21/commons-compress-1.21.jar:/Users/shubhamr/.m2/repository/org/bouncycastle/bcpkix-jdk15on/1.64/bcpkix-jdk15on-1.64.jar:/Users/shubhamr/.m2/repository/org/bouncycastle/bcprov-jdk15on/1.64/bcprov-jdk15on-1.64.jar:/Users/shubhamr/.m2/repository/org/slf4j/jcl-over-slf4j/1.7.30/jcl-over-slf4j-1.7.30.jar:/Users/shubhamr/.m2/repository/com/github/docker-java/docker-java-transport-httpclient5/3.2.13/docker-java-transport-httpclient5-3.2.13.jar:/Users/shubhamr/.m2/repository/com/github/docker-java/docker-java-transport/3.2.13/docker-java-transport-3.2.13.jar:/Users/shubhamr/.m2/repository/net/java/dev/jna/jna/5.8.0/jna-5.8.0.jar:/Users/shubhamr/.m2/repository/org/brotli/dec/0.1.2/dec-0.1.2.jar:/Users/shubhamr/.m2/repository/org/apache/httpcomponents/client5/httpclient5/5.1.3/httpclient5-5.1.3.jar:/Users/shubhamr/.m2/repository/org/apache/httpcomponents/core5/httpcore5/5.1.3/httpcore5-5.1.3.jar:/Users/shubhamr/.m2/repository/org/apache/httpcomponents/core5/httpcore5-h2/5.1.3/httpcore5-h2-5.1.3.jar:/Users/shubhamr/.m2/repository/com/jhlabs/filters/2.0.235/filters-2.0.235.jar:/Users/shubhamr/.m2/repository/com/paulhammant/ngwebdriver/1.1.6/ngwebdriver-1.1.6.jar:/Users/shubhamr/.m2/repository/joda-time/joda-time/2.8.2/joda-time-2.8.2.jar:/Users/shubhamr/.m2/repository/org/hamcrest/hamcrest/2.2/hamcrest-2.2.jar:/Users/shubhamr/.m2/repository/com/google/jimfs/jimfs/1.2/jimfs-1.2.jar:/Users/shubhamr/.m2/repository/org/mockito/mockito-core/3.3.3/mockito-core-3.3.3.jar:/Users/shubhamr/.m2/repository/org/assertj/assertj-core/3.22.0/assertj-core-3.22.0.jar:/Users/shubhamr/.m2/repository/javax/xml/bind/jaxb-api/2.3.1/jaxb-api-2.3.1.jar:/Users/shubhamr/.m2/repository/javax/activation/javax.activation-api/1.2.0/javax.activation-api-1.2.0.jar:/Users/shubhamr/.m2/repository/com/sun/xml/bind/jaxb-core/2.3.0.1/jaxb-core-2.3.0.1.jar:/Users/shubhamr/.m2/repository/com/sun/xml/bind/jaxb-impl/2.3.3/jaxb-impl-2.3.3.jar:/Users/shubhamr/.m2/repository/jakarta/xml/bind/jakarta.xml.bind-api/2.3.3/jakarta.xml.bind-api-2.3.3.jar:/Users/shubhamr/.m2/repository/com/sun/activation/jakarta.activation/1.2.2/jakarta.activation-1.2.2.jar:/Users/shubhamr/.m2/repository/javax/activation/activation/1.1.1/activation-1.1.1.jar:/Users/shubhamr/.m2/repository/net/serenity-bdd/serenity-junit/3.5.1/serenity-junit-3.5.1.jar:/Users/shubhamr/.m2/repository/junit/junit/4.13.2/junit-4.13.2.jar:/Users/shubhamr/.m2/repository/net/serenity-bdd/serenity-rest-assured/3.5.1/serenity-rest-assured-3.5.1.jar:/Users/shubhamr/.m2/repository/io/rest-assured/rest-assured/5.2.0/rest-assured-5.2.0.jar:/Users/shubhamr/.m2/repository/org/apache/httpcomponents/httpmime/4.5.13/httpmime-4.5.13.jar:/Users/shubhamr/.m2/repository/org/ccil/cowan/tagsoup/tagsoup/1.2.1/tagsoup-1.2.1.jar:/Users/shubhamr/.m2/repository/io/rest-assured/json-path/5.2.0/json-path-5.2.0.jar:/Users/shubhamr/.m2/repository/io/rest-assured/rest-assured-common/5.2.0/rest-assured-common-5.2.0.jar:/Users/shubhamr/.m2/repository/io/rest-assured/xml-path/5.2.0/xml-path-5.2.0.jar:/Users/shubhamr/.m2/repository/org/apache/groovy/groovy-json/4.0.6/groovy-json-4.0.6.jar:/Users/shubhamr/.m2/repository/org/apache/groovy/groovy-xml/4.0.6/groovy-xml-4.0.6.jar:/Users/shubhamr/.m2/repository/org/opentest4j/opentest4j/1.2.0/opentest4j-1.2.0.jar:/Users/shubhamr/.m2/repository/net/serenity-bdd/serenity-cucumber/3.5.1/serenity-cucumber-3.5.1.jar:/Users/shubhamr/.m2/repository/net/serenity-bdd/serenity-screenplay/3.5.1/serenity-screenplay-3.5.1.jar:/Users/shubhamr/.m2/repository/net/serenity-bdd/serenity-screenplay-webdriver/3.5.1/serenity-screenplay-webdriver-3.5.1.jar:/Users/shubhamr/.m2/repository/io/cucumber/cucumber-core/7.8.1/cucumber-core-7.8.1.jar:/Users/shubhamr/.m2/repository/io/cucumber/cucumber-gherkin/7.8.1/cucumber-gherkin-7.8.1.jar:/Users/shubhamr/.m2/repository/io/cucumber/cucumber-gherkin-messages/7.8.1/cucumber-gherkin-messages-7.8.1.jar:/Users/shubhamr/.m2/repository/io/cucumber/gherkin/24.0.0/gherkin-24.0.0.jar:/Users/shubhamr/.m2/repository/io/cucumber/messages/19.1.4/messages-19.1.4.jar:/Users/shubhamr/.m2/repository/io/cucumber/tag-expressions/4.1.0/tag-expressions-4.1.0.jar:/Users/shubhamr/.m2/repository/io/cucumber/cucumber-expressions/16.0.0/cucumber-expressions-16.0.0.jar:/Users/shubhamr/.m2/repository/io/cucumber/datatable/7.8.1/datatable-7.8.1.jar:/Users/shubhamr/.m2/repository/io/cucumber/cucumber-plugin/7.8.1/cucumber-plugin-7.8.1.jar:/Users/shubhamr/.m2/repository/io/cucumber/docstring/7.8.1/docstring-7.8.1.jar:/Users/shubhamr/.m2/repository/io/cucumber/html-formatter/20.1.0/html-formatter-20.1.0.jar:/Users/shubhamr/.m2/repository/io/cucumber/ci-environment/9.1.0/ci-environment-9.1.0.jar:/Users/shubhamr/.m2/repository/io/cucumber/cucumber-java/7.8.1/cucumber-java-7.8.1.jar:/Users/shubhamr/.m2/repository/io/cucumber/cucumber-junit/7.8.1/cucumber-junit-7.8.1.jar:/Users/shubhamr/.m2/repository/org/apiguardian/apiguardian-api/1.1.2/apiguardian-api-1.1.2.jar:/Users/shubhamr/.m2/repository/org/apache/commons/commons-csv/1.5/commons-csv-1.5.jar:/Users/shubhamr/.m2/repository/org/apache/logging/log4j/log4j-api/2.19.0/log4j-api-2.19.0.jar:/Users/shubhamr/.m2/repository/org/apache/logging/log4j/log4j-core/2.19.0/log4j-core-2.19.0.jar:"/>
    <property name="java.vm.vendor" value="JetBrains s.r.o."/>
    <property name="sun.arch.data.model" value="64"/>
    <property name="sun.font.fontmanager" value="sun.font.CFontManager"/>
    <property name="java.vendor.url" value="https://openjdk.java.net/"/>
    <property name="user.timezone" value="Asia/Kolkata"/>
    <property name="log4j2.formatMsgNoLookups" value="true"/>
    <property name="org.apache.logging.log4j.assignedSequences" value="4672"/>
    <property name="java.vm.specification.version" value="11"/>
    <property name="os.name" value="Mac OS X"/>
    <property name="sun.java.launcher" value="SUN_STANDARD"/>
    <property name="user.country" value="IN"/>
    <property name="sun.boot.library.path" value="/Applications/IntelliJ IDEA CE.app/Contents/jbr/Contents/Home/lib"/>
    <property name="sun.java.command" value="org.apache.maven.surefire.booter.ForkedBooter /Users/shubhamr/Downloads/SerenityBDD/target/surefire 2023-02-02T21-04-08_899-jvmRun1 surefire7110202892792690664tmp surefire_015653327481187917349tmp"/>
    <property name="http.nonProxyHosts" value="local|*.local|169.254/16|*.169.254/16"/>
    <property name="jdk.debug" value="release"/>
    <property name="surefire.test.class.path" value="/Users/shubhamr/Downloads/SerenityBDD/target/test-classes:/Users/shubhamr/.m2/repository/net/serenity-bdd/serenity-core/3.5.1/serenity-core-3.5.1.jar:/Users/shubhamr/.m2/repository/net/serenity-bdd/serenity-model/3.5.1/serenity-model-3.5.1.jar:/Users/shubhamr/.m2/repository/org/apache/commons/commons-text/1.10.0/commons-text-1.10.0.jar:/Users/shubhamr/.m2/repository/commons-net/commons-net/3.8.0/commons-net-3.8.0.jar:/Users/shubhamr/.m2/repository/com/google/guava/guava/31.1-jre/guava-31.1-jre.jar:/Users/shubhamr/.m2/repository/com/google/guava/failureaccess/1.0.1/failureaccess-1.0.1.jar:/Users/shubhamr/.m2/repository/com/google/guava/listenablefuture/9999.0-empty-to-avoid-conflict-with-guava/listenablefuture-9999.0-empty-to-avoid-conflict-with-guava.jar:/Users/shubhamr/.m2/repository/com/google/code/findbugs/jsr305/3.0.2/jsr305-3.0.2.jar:/Users/shubhamr/.m2/repository/org/checkerframework/checker-qual/3.12.0/checker-qual-3.12.0.jar:/Users/shubhamr/.m2/repository/com/google/errorprone/error_prone_annotations/2.11.0/error_prone_annotations-2.11.0.jar:/Users/shubhamr/.m2/repository/com/google/j2objc/j2objc-annotations/1.3/j2objc-annotations-1.3.jar:/Users/shubhamr/.m2/repository/org/slf4j/slf4j-api/1.7.30/slf4j-api-1.7.30.jar:/Users/shubhamr/.m2/repository/com/google/inject/guice/5.1.0/guice-5.1.0.jar:/Users/shubhamr/.m2/repository/javax/inject/javax.inject/1/javax.inject-1.jar:/Users/shubhamr/.m2/repository/aopalliance/aopalliance/1.0/aopalliance-1.0.jar:/Users/shubhamr/.m2/repository/org/jsoup/jsoup/1.14.3/jsoup-1.14.3.jar:/Users/shubhamr/.m2/repository/com/thoughtworks/xstream/xstream/1.4.19/xstream-1.4.19.jar:/Users/shubhamr/.m2/repository/io/github/x-stream/mxparser/1.2.2/mxparser-1.2.2.jar:/Users/shubhamr/.m2/repository/xmlpull/xmlpull/1.1.3.1/xmlpull-1.1.3.1.jar:/Users/shubhamr/.m2/repository/com/typesafe/config/1.4.2/config-1.4.2.jar:/Users/shubhamr/.m2/repository/org/imgscalr/imgscalr-lib/4.2/imgscalr-lib-4.2.jar:/Users/shubhamr/.m2/repository/org/awaitility/awaitility/4.2.0/awaitility-4.2.0.jar:/Users/shubhamr/.m2/repository/org/freemarker/freemarker/2.3.31/freemarker-2.3.31.jar:/Users/shubhamr/.m2/repository/io/github/classgraph/classgraph/4.8.138/classgraph-4.8.138.jar:/Users/shubhamr/.m2/repository/net/sourceforge/jexcelapi/jxl/2.6.12/jxl-2.6.12.jar:/Users/shubhamr/.m2/repository/net/bytebuddy/byte-buddy/1.12.18/byte-buddy-1.12.18.jar:/Users/shubhamr/.m2/repository/net/bytebuddy/byte-buddy-agent/1.12.18/byte-buddy-agent-1.12.18.jar:/Users/shubhamr/.m2/repository/org/objenesis/objenesis/3.1/objenesis-3.1.jar:/Users/shubhamr/.m2/repository/net/serenity-bdd/serenity-reports/3.5.1/serenity-reports-3.5.1.jar:/Users/shubhamr/.m2/repository/net/serenity-bdd/serenity-stats/3.5.1/serenity-stats-3.5.1.jar:/Users/shubhamr/.m2/repository/org/jetbrains/kotlin/kotlin-stdlib/1.7.21/kotlin-stdlib-1.7.21.jar:/Users/shubhamr/.m2/repository/org/jetbrains/kotlin/kotlin-stdlib-common/1.7.21/kotlin-stdlib-common-1.7.21.jar:/Users/shubhamr/.m2/repository/org/jetbrains/annotations/13.0/annotations-13.0.jar:/Users/shubhamr/.m2/repository/net/serenity-bdd/serenity-reports-configuration/3.5.1/serenity-reports-configuration-3.5.1.jar:/Users/shubhamr/.m2/repository/com/vladsch/flexmark/flexmark-all/0.34.30/flexmark-all-0.34.30.jar:/Users/shubhamr/.m2/repository/com/vladsch/flexmark/flexmark/0.34.30/flexmark-0.34.30.jar:/Users/shubhamr/.m2/repository/com/vladsch/flexmark/flexmark-ext-abbreviation/0.34.30/flexmark-ext-abbreviation-0.34.30.jar:/Users/shubhamr/.m2/repository/com/vladsch/flexmark/flexmark-ext-admonition/0.34.30/flexmark-ext-admonition-0.34.30.jar:/Users/shubhamr/.m2/repository/com/vladsch/flexmark/flexmark-ext-anchorlink/0.34.30/flexmark-ext-anchorlink-0.34.30.jar:/Users/shubhamr/.m2/repository/com/vladsch/flexmark/flexmark-ext-aside/0.34.30/flexmark-ext-aside-0.34.30.jar:/Users/shubhamr/.m2/repository/com/vladsch/flexmark/flexmark-ext-attributes/0.34.30/flexmark-ext-attributes-0.34.30.jar:/Users/shubhamr/.m2/repository/com/vladsch/flexmark/flexmark-ext-autolink/0.34.30/flexmark-ext-autolink-0.34.30.jar:/Users/shubhamr/.m2/repository/org/nibor/autolink/autolink/0.6.0/autolink-0.6.0.jar:/Users/shubhamr/.m2/repository/com/vladsch/flexmark/flexmark-ext-definition/0.34.30/flexmark-ext-definition-0.34.30.jar:/Users/shubhamr/.m2/repository/com/vladsch/flexmark/flexmark-ext-emoji/0.34.30/flexmark-ext-emoji-0.34.30.jar:/Users/shubhamr/.m2/repository/com/vladsch/flexmark/flexmark-ext-enumerated-reference/0.34.30/flexmark-ext-enumerated-reference-0.34.30.jar:/Users/shubhamr/.m2/repository/com/vladsch/flexmark/flexmark-ext-escaped-character/0.34.30/flexmark-ext-escaped-character-0.34.30.jar:/Users/shubhamr/.m2/repository/com/vladsch/flexmark/flexmark-ext-footnotes/0.34.30/flexmark-ext-footnotes-0.34.30.jar:/Users/shubhamr/.m2/repository/com/vladsch/flexmark/flexmark-ext-gfm-issues/0.34.30/flexmark-ext-gfm-issues-0.34.30.jar:/Users/shubhamr/.m2/repository/com/vladsch/flexmark/flexmark-ext-gfm-strikethrough/0.34.30/flexmark-ext-gfm-strikethrough-0.34.30.jar:/Users/shubhamr/.m2/repository/com/vladsch/flexmark/flexmark-ext-gfm-tables/0.34.30/flexmark-ext-gfm-tables-0.34.30.jar:/Users/shubhamr/.m2/repository/com/vladsch/flexmark/flexmark-ext-gfm-tasklist/0.34.30/flexmark-ext-gfm-tasklist-0.34.30.jar:/Users/shubhamr/.m2/repository/com/vladsch/flexmark/flexmark-ext-gfm-users/0.34.30/flexmark-ext-gfm-users-0.34.30.jar:/Users/shubhamr/.m2/repository/com/vladsch/flexmark/flexmark-ext-gitlab/0.34.30/flexmark-ext-gitlab-0.34.30.jar:/Users/shubhamr/.m2/repository/com/vladsch/flexmark/flexmark-ext-jekyll-front-matter/0.34.30/flexmark-ext-jekyll-front-matter-0.34.30.jar:/Users/shubhamr/.m2/repository/com/vladsch/flexmark/flexmark-ext-jekyll-tag/0.34.30/flexmark-ext-jekyll-tag-0.34.30.jar:/Users/shubhamr/.m2/repository/com/vladsch/flexmark/flexmark-ext-media-tags/0.34.30/flexmark-ext-media-tags-0.34.30.jar:/Users/shubhamr/.m2/repository/com/vladsch/flexmark/flexmark-test-util/0.34.30/flexmark-test-util-0.34.30.jar:/Users/shubhamr/.m2/repository/com/vladsch/flexmark/flexmark-ext-ins/0.34.30/flexmark-ext-ins-0.34.30.jar:/Users/shubhamr/.m2/repository/com/vladsch/flexmark/flexmark-ext-xwiki-macros/0.34.30/flexmark-ext-xwiki-macros-0.34.30.jar:/Users/shubhamr/.m2/repository/com/vladsch/flexmark/flexmark-ext-superscript/0.34.30/flexmark-ext-superscript-0.34.30.jar:/Users/shubhamr/.m2/repository/com/vladsch/flexmark/flexmark-ext-tables/0.34.30/flexmark-ext-tables-0.34.30.jar:/Users/shubhamr/.m2/repository/com/vladsch/flexmark/flexmark-ext-toc/0.34.30/flexmark-ext-toc-0.34.30.jar:/Users/shubhamr/.m2/repository/com/vladsch/flexmark/flexmark-ext-typographic/0.34.30/flexmark-ext-typographic-0.34.30.jar:/Users/shubhamr/.m2/repository/com/vladsch/flexmark/flexmark-ext-wikilink/0.34.30/flexmark-ext-wikilink-0.34.30.jar:/Users/shubhamr/.m2/repository/com/vladsch/flexmark/flexmark-ext-yaml-front-matter/0.34.30/flexmark-ext-yaml-front-matter-0.34.30.jar:/Users/shubhamr/.m2/repository/com/vladsch/flexmark/flexmark-ext-youtube-embedded/0.34.30/flexmark-ext-youtube-embedded-0.34.30.jar:/Users/shubhamr/.m2/repository/com/vladsch/flexmark/flexmark-formatter/0.34.30/flexmark-formatter-0.34.30.jar:/Users/shubhamr/.m2/repository/com/vladsch/flexmark/flexmark-html-parser/0.34.30/flexmark-html-parser-0.34.30.jar:/Users/shubhamr/.m2/repository/com/vladsch/flexmark/flexmark-jira-converter/0.34.30/flexmark-jira-converter-0.34.30.jar:/Users/shubhamr/.m2/repository/com/vladsch/flexmark/flexmark-pdf-converter/0.34.30/flexmark-pdf-converter-0.34.30.jar:/Users/shubhamr/.m2/repository/com/openhtmltopdf/openhtmltopdf-core/0.0.1-RC13/openhtmltopdf-core-0.0.1-RC13.jar:/Users/shubhamr/.m2/repository/com/openhtmltopdf/openhtmltopdf-pdfbox/0.0.1-RC13/openhtmltopdf-pdfbox-0.0.1-RC13.jar:/Users/shubhamr/.m2/repository/org/apache/pdfbox/pdfbox/2.0.8/pdfbox-2.0.8.jar:/Users/shubhamr/.m2/repository/org/apache/pdfbox/fontbox/2.0.8/fontbox-2.0.8.jar:/Users/shubhamr/.m2/repository/org/apache/pdfbox/xmpbox/2.0.8/xmpbox-2.0.8.jar:/Users/shubhamr/.m2/repository/de/rototor/pdfbox/graphics2d/0.12/graphics2d-0.12.jar:/Users/shubhamr/.m2/repository/com/openhtmltopdf/openhtmltopdf-rtl-support/0.0.1-RC13/openhtmltopdf-rtl-support-0.0.1-RC13.jar:/Users/shubhamr/.m2/repository/com/ibm/icu/icu4j/59.1/icu4j-59.1.jar:/Users/shubhamr/.m2/repository/com/openhtmltopdf/openhtmltopdf-jsoup-dom-converter/0.0.1-RC13/openhtmltopdf-jsoup-dom-converter-0.0.1-RC13.jar:/Users/shubhamr/.m2/repository/com/vladsch/flexmark/flexmark-profile-pegdown/0.34.30/flexmark-profile-pegdown-0.34.30.jar:/Users/shubhamr/.m2/repository/com/vladsch/flexmark/flexmark-util/0.34.30/flexmark-util-0.34.30.jar:/Users/shubhamr/.m2/repository/com/vladsch/flexmark/flexmark-youtrack-converter/0.34.30/flexmark-youtrack-converter-0.34.30.jar:/Users/shubhamr/.m2/repository/es/nitaur/markdown/txtmark/0.16/txtmark-0.16.jar:/Users/shubhamr/.m2/repository/net/serenity-bdd/serenity-report-resources/3.5.1/serenity-report-resources-3.5.1.jar:/Users/shubhamr/.m2/repository/com/google/code/gson/gson/2.9.0/gson-2.9.0.jar:/Users/shubhamr/.m2/repository/com/fasterxml/jackson/core/jackson-core/2.13.4/jackson-core-2.13.4.jar:/Users/shubhamr/.m2/repository/com/fasterxml/jackson/core/jackson-databind/2.13.4/jackson-databind-2.13.4.jar:/Users/shubhamr/.m2/repository/com/fasterxml/jackson/core/jackson-annotations/2.13.4/jackson-annotations-2.13.4.jar:/Users/shubhamr/.m2/repository/commons-codec/commons-codec/1.15/commons-codec-1.15.jar:/Users/shubhamr/.m2/repository/commons-io/commons-io/2.11.0/commons-io-2.11.0.jar:/Users/shubhamr/.m2/repository/org/apache/httpcomponents/httpclient/4.5.13/httpclient-4.5.13.jar:/Users/shubhamr/.m2/repository/org/apache/httpcomponents/httpcore/4.4.13/httpcore-4.4.13.jar:/Users/shubhamr/.m2/repository/commons-logging/commons-logging/1.2/commons-logging-1.2.jar:/Users/shubhamr/.m2/repository/org/seleniumhq/selenium/selenium-java/4.7.1/selenium-java-4.7.1.jar:/Users/shubhamr/.m2/repository/org/seleniumhq/selenium/selenium-devtools-v106/4.7.1/selenium-devtools-v106-4.7.1.jar:/Users/shubhamr/.m2/repository/org/seleniumhq/selenium/selenium-devtools-v107/4.7.1/selenium-devtools-v107-4.7.1.jar:/Users/shubhamr/.m2/repository/org/seleniumhq/selenium/selenium-devtools-v108/4.7.1/selenium-devtools-v108-4.7.1.jar:/Users/shubhamr/.m2/repository/org/seleniumhq/selenium/selenium-devtools-v85/4.7.1/selenium-devtools-v85-4.7.1.jar:/Users/shubhamr/.m2/repository/org/seleniumhq/selenium/selenium-remote-driver/4.7.1/selenium-remote-driver-4.7.1.jar:/Users/shubhamr/.m2/repository/com/beust/jcommander/1.82/jcommander-1.82.jar:/Users/shubhamr/.m2/repository/io/netty/netty-buffer/4.1.84.Final/netty-buffer-4.1.84.Final.jar:/Users/shubhamr/.m2/repository/io/netty/netty-codec-http/4.1.84.Final/netty-codec-http-4.1.84.Final.jar:/Users/shubhamr/.m2/repository/io/netty/netty-codec/4.1.84.Final/netty-codec-4.1.84.Final.jar:/Users/shubhamr/.m2/repository/io/netty/netty-handler/4.1.84.Final/netty-handler-4.1.84.Final.jar:/Users/shubhamr/.m2/repository/io/netty/netty-common/4.1.84.Final/netty-common-4.1.84.Final.jar:/Users/shubhamr/.m2/repository/io/netty/netty-transport-classes-epoll/4.1.84.Final/netty-transport-classes-epoll-4.1.84.Final.jar:/Users/shubhamr/.m2/repository/io/netty/netty-transport-classes-kqueue/4.1.84.Final/netty-transport-classes-kqueue-4.1.84.Final.jar:/Users/shubhamr/.m2/repository/io/netty/netty-transport-native-epoll/4.1.84.Final/netty-transport-native-epoll-4.1.84.Final.jar:/Users/shubhamr/.m2/repository/io/netty/netty-transport-native-kqueue/4.1.84.Final/netty-transport-native-kqueue-4.1.84.Final.jar:/Users/shubhamr/.m2/repository/io/netty/netty-transport-native-unix-common/4.1.84.Final/netty-transport-native-unix-common-4.1.84.Final.jar:/Users/shubhamr/.m2/repository/io/netty/netty-transport/4.1.84.Final/netty-transport-4.1.84.Final.jar:/Users/shubhamr/.m2/repository/io/netty/netty-resolver/4.1.84.Final/netty-resolver-4.1.84.Final.jar:/Users/shubhamr/.m2/repository/io/opentelemetry/opentelemetry-api/1.19.0/opentelemetry-api-1.19.0.jar:/Users/shubhamr/.m2/repository/io/opentelemetry/opentelemetry-context/1.19.0/opentelemetry-context-1.19.0.jar:/Users/shubhamr/.m2/repository/io/opentelemetry/opentelemetry-exporter-logging/1.19.0/opentelemetry-exporter-logging-1.19.0.jar:/Users/shubhamr/.m2/repository/io/opentelemetry/opentelemetry-sdk-metrics/1.19.0/opentelemetry-sdk-metrics-1.19.0.jar:/Users/shubhamr/.m2/repository/io/opentelemetry/opentelemetry-sdk-logs/1.19.0-alpha/opentelemetry-sdk-logs-1.19.0-alpha.jar:/Users/shubhamr/.m2/repository/io/opentelemetry/opentelemetry-api-logs/1.19.0-alpha/opentelemetry-api-logs-1.19.0-alpha.jar:/Users/shubhamr/.m2/repository/io/opentelemetry/opentelemetry-sdk-common/1.19.0/opentelemetry-sdk-common-1.19.0.jar:/Users/shubhamr/.m2/repository/io/opentelemetry/opentelemetry-sdk-extension-autoconfigure-spi/1.19.0/opentelemetry-sdk-extension-autoconfigure-spi-1.19.0.jar:/Users/shubhamr/.m2/repository/io/opentelemetry/opentelemetry-sdk-extension-autoconfigure/1.19.0-alpha/opentelemetry-sdk-extension-autoconfigure-1.19.0-alpha.jar:/Users/shubhamr/.m2/repository/io/opentelemetry/opentelemetry-exporter-common/1.19.0/opentelemetry-exporter-common-1.19.0.jar:/Users/shubhamr/.m2/repository/io/opentelemetry/opentelemetry-sdk-trace/1.19.0/opentelemetry-sdk-trace-1.19.0.jar:/Users/shubhamr/.m2/repository/io/opentelemetry/opentelemetry-sdk/1.19.0/opentelemetry-sdk-1.19.0.jar:/Users/shubhamr/.m2/repository/io/opentelemetry/opentelemetry-semconv/1.19.0-alpha/opentelemetry-semconv-1.19.0-alpha.jar:/Users/shubhamr/.m2/repository/io/ous/jtoml/2.0.0/jtoml-2.0.0.jar:/Users/shubhamr/.m2/repository/org/apache/commons/commons-exec/1.3/commons-exec-1.3.jar:/Users/shubhamr/.m2/repository/org/asynchttpclient/async-http-client/2.12.3/async-http-client-2.12.3.jar:/Users/shubhamr/.m2/repository/org/asynchttpclient/async-http-client-netty-utils/2.12.3/async-http-client-netty-utils-2.12.3.jar:/Users/shubhamr/.m2/repository/io/netty/netty-codec-socks/4.1.60.Final/netty-codec-socks-4.1.60.Final.jar:/Users/shubhamr/.m2/repository/io/netty/netty-handler-proxy/4.1.60.Final/netty-handler-proxy-4.1.60.Final.jar:/Users/shubhamr/.m2/repository/io/netty/netty-transport-native-epoll/4.1.60.Final/netty-transport-native-epoll-4.1.60.Final-linux-x86_64.jar:/Users/shubhamr/.m2/repository/io/netty/netty-transport-native-kqueue/4.1.60.Final/netty-transport-native-kqueue-4.1.60.Final-osx-x86_64.jar:/Users/shubhamr/.m2/repository/org/reactivestreams/reactive-streams/1.0.3/reactive-streams-1.0.3.jar:/Users/shubhamr/.m2/repository/com/typesafe/netty/netty-reactive-streams/2.0.4/netty-reactive-streams-2.0.4.jar:/Users/shubhamr/.m2/repository/org/seleniumhq/selenium/selenium-manager/4.7.1/selenium-manager-4.7.1.jar:/Users/shubhamr/.m2/repository/org/seleniumhq/selenium/selenium-safari-driver/4.7.1/selenium-safari-driver-4.7.1.jar:/Users/shubhamr/.m2/repository/org/seleniumhq/selenium/selenium-api/4.7.1/selenium-api-4.7.1.jar:/Users/shubhamr/.m2/repository/org/seleniumhq/selenium/selenium-support/4.7.1/selenium-support-4.7.1.jar:/Users/shubhamr/.m2/repository/com/google/auto/service/auto-service-annotations/1.0.1/auto-service-annotations-1.0.1.jar:/Users/shubhamr/.m2/repository/com/google/auto/service/auto-service/1.0.1/auto-service-1.0.1.jar:/Users/shubhamr/.m2/repository/com/google/auto/auto-common/1.2/auto-common-1.2.jar:/Users/shubhamr/.m2/repository/org/seleniumhq/selenium/selenium-json/4.7.1/selenium-json-4.7.1.jar:/Users/shubhamr/.m2/repository/org/seleniumhq/selenium/selenium-chrome-driver/4.7.1/selenium-chrome-driver-4.7.1.jar:/Users/shubhamr/.m2/repository/org/seleniumhq/selenium/selenium-chromium-driver/4.7.1/selenium-chromium-driver-4.7.1.jar:/Users/shubhamr/.m2/repository/org/seleniumhq/selenium/selenium-firefox-driver/4.7.1/selenium-firefox-driver-4.7.1.jar:/Users/shubhamr/.m2/repository/org/seleniumhq/selenium/selenium-http/4.7.1/selenium-http-4.7.1.jar:/Users/shubhamr/.m2/repository/dev/failsafe/failsafe/3.3.0/failsafe-3.3.0.jar:/Users/shubhamr/.m2/repository/org/seleniumhq/selenium/selenium-edge-driver/4.7.1/selenium-edge-driver-4.7.1.jar:/Users/shubhamr/.m2/repository/org/seleniumhq/selenium/selenium-ie-driver/4.7.1/selenium-ie-driver-4.7.1.jar:/Users/shubhamr/.m2/repository/org/projectlombok/lombok/1.18.20/lombok-1.18.20.jar:/Users/shubhamr/.m2/repository/io/appium/java-client/8.3.0/java-client-8.3.0.jar:/Users/shubhamr/.m2/repository/commons-validator/commons-validator/1.7/commons-validator-1.7.jar:/Users/shubhamr/.m2/repository/commons-digester/commons-digester/2.1/commons-digester-2.1.jar:/Users/shubhamr/.m2/repository/org/apache/groovy/groovy/4.0.6/groovy-4.0.6.jar:/Users/shubhamr/.m2/repository/net/sf/opencsv/opencsv/2.0/opencsv-2.0.jar:/Users/shubhamr/.m2/repository/commons-beanutils/commons-beanutils/1.9.4/commons-beanutils-1.9.4.jar:/Users/shubhamr/.m2/repository/org/apache/commons/commons-lang3/3.12.0/commons-lang3-3.12.0.jar:/Users/shubhamr/.m2/repository/commons-collections/commons-collections/3.2.2/commons-collections-3.2.2.jar:/Users/shubhamr/.m2/repository/org/fluentlenium/fluentlenium-core/0.10.2/fluentlenium-core-0.10.2.jar:/Users/shubhamr/.m2/repository/io/github/bonigarcia/webdrivermanager/5.3.0/webdrivermanager-5.3.0.jar:/Users/shubhamr/.m2/repository/com/github/docker-java/docker-java/3.2.13/docker-java-3.2.13.jar:/Users/shubhamr/.m2/repository/com/github/docker-java/docker-java-core/3.2.13/docker-java-core-3.2.13.jar:/Users/shubhamr/.m2/repository/com/github/docker-java/docker-java-api/3.2.13/docker-java-api-3.2.13.jar:/Users/shubhamr/.m2/repository/org/apache/commons/commons-compress/1.21/commons-compress-1.21.jar:/Users/shubhamr/.m2/repository/org/bouncycastle/bcpkix-jdk15on/1.64/bcpkix-jdk15on-1.64.jar:/Users/shubhamr/.m2/repository/org/bouncycastle/bcprov-jdk15on/1.64/bcprov-jdk15on-1.64.jar:/Users/shubhamr/.m2/repository/org/slf4j/jcl-over-slf4j/1.7.30/jcl-over-slf4j-1.7.30.jar:/Users/shubhamr/.m2/repository/com/github/docker-java/docker-java-transport-httpclient5/3.2.13/docker-java-transport-httpclient5-3.2.13.jar:/Users/shubhamr/.m2/repository/com/github/docker-java/docker-java-transport/3.2.13/docker-java-transport-3.2.13.jar:/Users/shubhamr/.m2/repository/net/java/dev/jna/jna/5.8.0/jna-5.8.0.jar:/Users/shubhamr/.m2/repository/org/brotli/dec/0.1.2/dec-0.1.2.jar:/Users/shubhamr/.m2/repository/org/apache/httpcomponents/client5/httpclient5/5.1.3/httpclient5-5.1.3.jar:/Users/shubhamr/.m2/repository/org/apache/httpcomponents/core5/httpcore5/5.1.3/httpcore5-5.1.3.jar:/Users/shubhamr/.m2/repository/org/apache/httpcomponents/core5/httpcore5-h2/5.1.3/httpcore5-h2-5.1.3.jar:/Users/shubhamr/.m2/repository/com/jhlabs/filters/2.0.235/filters-2.0.235.jar:/Users/shubhamr/.m2/repository/com/paulhammant/ngwebdriver/1.1.6/ngwebdriver-1.1.6.jar:/Users/shubhamr/.m2/repository/joda-time/joda-time/2.8.2/joda-time-2.8.2.jar:/Users/shubhamr/.m2/repository/org/hamcrest/hamcrest/2.2/hamcrest-2.2.jar:/Users/shubhamr/.m2/repository/com/google/jimfs/jimfs/1.2/jimfs-1.2.jar:/Users/shubhamr/.m2/repository/org/mockito/mockito-core/3.3.3/mockito-core-3.3.3.jar:/Users/shubhamr/.m2/repository/org/assertj/assertj-core/3.22.0/assertj-core-3.22.0.jar:/Users/shubhamr/.m2/repository/javax/xml/bind/jaxb-api/2.3.1/jaxb-api-2.3.1.jar:/Users/shubhamr/.m2/repository/javax/activation/javax.activation-api/1.2.0/javax.activation-api-1.2.0.jar:/Users/shubhamr/.m2/repository/com/sun/xml/bind/jaxb-core/2.3.0.1/jaxb-core-2.3.0.1.jar:/Users/shubhamr/.m2/repository/com/sun/xml/bind/jaxb-impl/2.3.3/jaxb-impl-2.3.3.jar:/Users/shubhamr/.m2/repository/jakarta/xml/bind/jakarta.xml.bind-api/2.3.3/jakarta.xml.bind-api-2.3.3.jar:/Users/shubhamr/.m2/repository/com/sun/activation/jakarta.activation/1.2.2/jakarta.activation-1.2.2.jar:/Users/shubhamr/.m2/repository/javax/activation/activation/1.1.1/activation-1.1.1.jar:/Users/shubhamr/.m2/repository/net/serenity-bdd/serenity-junit/3.5.1/serenity-junit-3.5.1.jar:/Users/shubhamr/.m2/repository/junit/junit/4.13.2/junit-4.13.2.jar:/Users/shubhamr/.m2/repository/net/serenity-bdd/serenity-rest-assured/3.5.1/serenity-rest-assured-3.5.1.jar:/Users/shubhamr/.m2/repository/io/rest-assured/rest-assured/5.2.0/rest-assured-5.2.0.jar:/Users/shubhamr/.m2/repository/org/apache/httpcomponents/httpmime/4.5.13/httpmime-4.5.13.jar:/Users/shubhamr/.m2/repository/org/ccil/cowan/tagsoup/tagsoup/1.2.1/tagsoup-1.2.1.jar:/Users/shubhamr/.m2/repository/io/rest-assured/json-path/5.2.0/json-path-5.2.0.jar:/Users/shubhamr/.m2/repository/io/rest-assured/rest-assured-common/5.2.0/rest-assured-common-5.2.0.jar:/Users/shubhamr/.m2/repository/io/rest-assured/xml-path/5.2.0/xml-path-5.2.0.jar:/Users/shubhamr/.m2/repository/org/apache/groovy/groovy-json/4.0.6/groovy-json-4.0.6.jar:/Users/shubhamr/.m2/repository/org/apache/groovy/groovy-xml/4.0.6/groovy-xml-4.0.6.jar:/Users/shubhamr/.m2/repository/org/opentest4j/opentest4j/1.2.0/opentest4j-1.2.0.jar:/Users/shubhamr/.m2/repository/net/serenity-bdd/serenity-cucumber/3.5.1/serenity-cucumber-3.5.1.jar:/Users/shubhamr/.m2/repository/net/serenity-bdd/serenity-screenplay/3.5.1/serenity-screenplay-3.5.1.jar:/Users/shubhamr/.m2/repository/net/serenity-bdd/serenity-screenplay-webdriver/3.5.1/serenity-screenplay-webdriver-3.5.1.jar:/Users/shubhamr/.m2/repository/io/cucumber/cucumber-core/7.8.1/cucumber-core-7.8.1.jar:/Users/shubhamr/.m2/repository/io/cucumber/cucumber-gherkin/7.8.1/cucumber-gherkin-7.8.1.jar:/Users/shubhamr/.m2/repository/io/cucumber/cucumber-gherkin-messages/7.8.1/cucumber-gherkin-messages-7.8.1.jar:/Users/shubhamr/.m2/repository/io/cucumber/gherkin/24.0.0/gherkin-24.0.0.jar:/Users/shubhamr/.m2/repository/io/cucumber/messages/19.1.4/messages-19.1.4.jar:/Users/shubhamr/.m2/repository/io/cucumber/tag-expressions/4.1.0/tag-expressions-4.1.0.jar:/Users/shubhamr/.m2/repository/io/cucumber/cucumber-expressions/16.0.0/cucumber-expressions-16.0.0.jar:/Users/shubhamr/.m2/repository/io/cucumber/datatable/7.8.1/datatable-7.8.1.jar:/Users/shubhamr/.m2/repository/io/cucumber/cucumber-plugin/7.8.1/cucumber-plugin-7.8.1.jar:/Users/shubhamr/.m2/repository/io/cucumber/docstring/7.8.1/docstring-7.8.1.jar:/Users/shubhamr/.m2/repository/io/cucumber/html-formatter/20.1.0/html-formatter-20.1.0.jar:/Users/shubhamr/.m2/repository/io/cucumber/ci-environment/9.1.0/ci-environment-9.1.0.jar:/Users/shubhamr/.m2/repository/io/cucumber/cucumber-java/7.8.1/cucumber-java-7.8.1.jar:/Users/shubhamr/.m2/repository/io/cucumber/cucumber-junit/7.8.1/cucumber-junit-7.8.1.jar:/Users/shubhamr/.m2/repository/org/apiguardian/apiguardian-api/1.1.2/apiguardian-api-1.1.2.jar:/Users/shubhamr/.m2/repository/org/apache/commons/commons-csv/1.5/commons-csv-1.5.jar:/Users/shubhamr/.m2/repository/org/apache/logging/log4j/log4j-api/2.19.0/log4j-api-2.19.0.jar:/Users/shubhamr/.m2/repository/org/apache/logging/log4j/log4j-core/2.19.0/log4j-core-2.19.0.jar:"/>
    <property name="sun.cpu.endian" value="little"/>
    <property name="user.home" value="/Users/shubhamr"/>
    <property name="user.language" value="en"/>
    <property name="java.specification.vendor" value="Oracle Corporation"/>
    <property name="jdk.module.path" value="/Users/shubhamr/Downloads/SerenityBDD/target/SerenityBDD-1.0-SNAPSHOT.jar"/>
    <property name="java.version.date" value="2022-02-08"/>
    <property name="java.home" value="/Applications/IntelliJ IDEA CE.app/Contents/jbr/Contents/Home"/>
    <property name="file.separator" value="/"/>
    <property name="basedir" value="/Users/shubhamr/Downloads/SerenityBDD"/>
    <property name="java.vm.compressedOopsMode" value="Zero based"/>
    <property name="line.separator" value="&#10;"/>
    <property name="java.specification.name" value="Java Platform API Specification"/>
    <property name="java.vm.specification.vendor" value="Oracle Corporation"/>
    <property name="java.awt.graphicsenv" value="sun.awt.CGraphicsEnvironment"/>
    <property name="surefire.real.class.path" value="/Users/shubhamr/.m2/repository/org/apache/maven/surefire/surefire-booter/3.0.0-M5/surefire-booter-3.0.0-M5.jar:/Users/shubhamr/.m2/repository/org/apache/maven/surefire/surefire-api/3.0.0-M5/surefire-api-3.0.0-M5.jar:/Users/shubhamr/.m2/repository/org/apache/maven/surefire/surefire-logger-api/3.0.0-M5/surefire-logger-api-3.0.0-M5.jar:/Users/shubhamr/.m2/repository/org/apache/maven/surefire/surefire-shared-utils/3.0.0-M4/surefire-shared-utils-3.0.0-M4.jar:/Users/shubhamr/.m2/repository/org/apache/maven/surefire/surefire-extensions-spi/3.0.0-M5/surefire-extensions-spi-3.0.0-M5.jar:/Users/shubhamr/Downloads/SerenityBDD/target/test-classes:/Users/shubhamr/.m2/repository/net/serenity-bdd/serenity-core/3.5.1/serenity-core-3.5.1.jar:/Users/shubhamr/.m2/repository/net/serenity-bdd/serenity-model/3.5.1/serenity-model-3.5.1.jar:/Users/shubhamr/.m2/repository/org/apache/commons/commons-text/1.10.0/commons-text-1.10.0.jar:/Users/shubhamr/.m2/repository/commons-net/commons-net/3.8.0/commons-net-3.8.0.jar:/Users/shubhamr/.m2/repository/com/google/guava/guava/31.1-jre/guava-31.1-jre.jar:/Users/shubhamr/.m2/repository/com/google/guava/failureaccess/1.0.1/failureaccess-1.0.1.jar:/Users/shubhamr/.m2/repository/com/google/guava/listenablefuture/9999.0-empty-to-avoid-conflict-with-guava/listenablefuture-9999.0-empty-to-avoid-conflict-with-guava.jar:/Users/shubhamr/.m2/repository/com/google/code/findbugs/jsr305/3.0.2/jsr305-3.0.2.jar:/Users/shubhamr/.m2/repository/org/checkerframework/checker-qual/3.12.0/checker-qual-3.12.0.jar:/Users/shubhamr/.m2/repository/com/google/errorprone/error_prone_annotations/2.11.0/error_prone_annotations-2.11.0.jar:/Users/shubhamr/.m2/repository/com/google/j2objc/j2objc-annotations/1.3/j2objc-annotations-1.3.jar:/Users/shubhamr/.m2/repository/org/slf4j/slf4j-api/1.7.30/slf4j-api-1.7.30.jar:/Users/shubhamr/.m2/repository/com/google/inject/guice/5.1.0/guice-5.1.0.jar:/Users/shubhamr/.m2/repository/javax/inject/javax.inject/1/javax.inject-1.jar:/Users/shubhamr/.m2/repository/aopalliance/aopalliance/1.0/aopalliance-1.0.jar:/Users/shubhamr/.m2/repository/org/jsoup/jsoup/1.14.3/jsoup-1.14.3.jar:/Users/shubhamr/.m2/repository/com/thoughtworks/xstream/xstream/1.4.19/xstream-1.4.19.jar:/Users/shubhamr/.m2/repository/io/github/x-stream/mxparser/1.2.2/mxparser-1.2.2.jar:/Users/shubhamr/.m2/repository/xmlpull/xmlpull/1.1.3.1/xmlpull-1.1.3.1.jar:/Users/shubhamr/.m2/repository/com/typesafe/config/1.4.2/config-1.4.2.jar:/Users/shubhamr/.m2/repository/org/imgscalr/imgscalr-lib/4.2/imgscalr-lib-4.2.jar:/Users/shubhamr/.m2/repository/org/awaitility/awaitility/4.2.0/awaitility-4.2.0.jar:/Users/shubhamr/.m2/repository/org/freemarker/freemarker/2.3.31/freemarker-2.3.31.jar:/Users/shubhamr/.m2/repository/io/github/classgraph/classgraph/4.8.138/classgraph-4.8.138.jar:/Users/shubhamr/.m2/repository/net/sourceforge/jexcelapi/jxl/2.6.12/jxl-2.6.12.jar:/Users/shubhamr/.m2/repository/net/bytebuddy/byte-buddy/1.12.18/byte-buddy-1.12.18.jar:/Users/shubhamr/.m2/repository/net/bytebuddy/byte-buddy-agent/1.12.18/byte-buddy-agent-1.12.18.jar:/Users/shubhamr/.m2/repository/org/objenesis/objenesis/3.1/objenesis-3.1.jar:/Users/shubhamr/.m2/repository/net/serenity-bdd/serenity-reports/3.5.1/serenity-reports-3.5.1.jar:/Users/shubhamr/.m2/repository/net/serenity-bdd/serenity-stats/3.5.1/serenity-stats-3.5.1.jar:/Users/shubhamr/.m2/repository/org/jetbrains/kotlin/kotlin-stdlib/1.7.21/kotlin-stdlib-1.7.21.jar:/Users/shubhamr/.m2/repository/org/jetbrains/kotlin/kotlin-stdlib-common/1.7.21/kotlin-stdlib-common-1.7.21.jar:/Users/shubhamr/.m2/repository/org/jetbrains/annotations/13.0/annotations-13.0.jar:/Users/shubhamr/.m2/repository/net/serenity-bdd/serenity-reports-configuration/3.5.1/serenity-reports-configuration-3.5.1.jar:/Users/shubhamr/.m2/repository/com/vladsch/flexmark/flexmark-all/0.34.30/flexmark-all-0.34.30.jar:/Users/shubhamr/.m2/repository/com/vladsch/flexmark/flexmark/0.34.30/flexmark-0.34.30.jar:/Users/shubhamr/.m2/repository/com/vladsch/flexmark/flexmark-ext-abbreviation/0.34.30/flexmark-ext-abbreviation-0.34.30.jar:/Users/shubhamr/.m2/repository/com/vladsch/flexmark/flexmark-ext-admonition/0.34.30/flexmark-ext-admonition-0.34.30.jar:/Users/shubhamr/.m2/repository/com/vladsch/flexmark/flexmark-ext-anchorlink/0.34.30/flexmark-ext-anchorlink-0.34.30.jar:/Users/shubhamr/.m2/repository/com/vladsch/flexmark/flexmark-ext-aside/0.34.30/flexmark-ext-aside-0.34.30.jar:/Users/shubhamr/.m2/repository/com/vladsch/flexmark/flexmark-ext-attributes/0.34.30/flexmark-ext-attributes-0.34.30.jar:/Users/shubhamr/.m2/repository/com/vladsch/flexmark/flexmark-ext-autolink/0.34.30/flexmark-ext-autolink-0.34.30.jar:/Users/shubhamr/.m2/repository/org/nibor/autolink/autolink/0.6.0/autolink-0.6.0.jar:/Users/shubhamr/.m2/repository/com/vladsch/flexmark/flexmark-ext-definition/0.34.30/flexmark-ext-definition-0.34.30.jar:/Users/shubhamr/.m2/repository/com/vladsch/flexmark/flexmark-ext-emoji/0.34.30/flexmark-ext-emoji-0.34.30.jar:/Users/shubhamr/.m2/repository/com/vladsch/flexmark/flexmark-ext-enumerated-reference/0.34.30/flexmark-ext-enumerated-reference-0.34.30.jar:/Users/shubhamr/.m2/repository/com/vladsch/flexmark/flexmark-ext-escaped-character/0.34.30/flexmark-ext-escaped-character-0.34.30.jar:/Users/shubhamr/.m2/repository/com/vladsch/flexmark/flexmark-ext-footnotes/0.34.30/flexmark-ext-footnotes-0.34.30.jar:/Users/shubhamr/.m2/repository/com/vladsch/flexmark/flexmark-ext-gfm-issues/0.34.30/flexmark-ext-gfm-issues-0.34.30.jar:/Users/shubhamr/.m2/repository/com/vladsch/flexmark/flexmark-ext-gfm-strikethrough/0.34.30/flexmark-ext-gfm-strikethrough-0.34.30.jar:/Users/shubhamr/.m2/repository/com/vladsch/flexmark/flexmark-ext-gfm-tables/0.34.30/flexmark-ext-gfm-tables-0.34.30.jar:/Users/shubhamr/.m2/repository/com/vladsch/flexmark/flexmark-ext-gfm-tasklist/0.34.30/flexmark-ext-gfm-tasklist-0.34.30.jar:/Users/shubhamr/.m2/repository/com/vladsch/flexmark/flexmark-ext-gfm-users/0.34.30/flexmark-ext-gfm-users-0.34.30.jar:/Users/shubhamr/.m2/repository/com/vladsch/flexmark/flexmark-ext-gitlab/0.34.30/flexmark-ext-gitlab-0.34.30.jar:/Users/shubhamr/.m2/repository/com/vladsch/flexmark/flexmark-ext-jekyll-front-matter/0.34.30/flexmark-ext-jekyll-front-matter-0.34.30.jar:/Users/shubhamr/.m2/repository/com/vladsch/flexmark/flexmark-ext-jekyll-tag/0.34.30/flexmark-ext-jekyll-tag-0.34.30.jar:/Users/shubhamr/.m2/repository/com/vladsch/flexmark/flexmark-ext-media-tags/0.34.30/flexmark-ext-media-tags-0.34.30.jar:/Users/shubhamr/.m2/repository/com/vladsch/flexmark/flexmark-test-util/0.34.30/flexmark-test-util-0.34.30.jar:/Users/shubhamr/.m2/repository/com/vladsch/flexmark/flexmark-ext-ins/0.34.30/flexmark-ext-ins-0.34.30.jar:/Users/shubhamr/.m2/repository/com/vladsch/flexmark/flexmark-ext-xwiki-macros/0.34.30/flexmark-ext-xwiki-macros-0.34.30.jar:/Users/shubhamr/.m2/repository/com/vladsch/flexmark/flexmark-ext-superscript/0.34.30/flexmark-ext-superscript-0.34.30.jar:/Users/shubhamr/.m2/repository/com/vladsch/flexmark/flexmark-ext-tables/0.34.30/flexmark-ext-tables-0.34.30.jar:/Users/shubhamr/.m2/repository/com/vladsch/flexmark/flexmark-ext-toc/0.34.30/flexmark-ext-toc-0.34.30.jar:/Users/shubhamr/.m2/repository/com/vladsch/flexmark/flexmark-ext-typographic/0.34.30/flexmark-ext-typographic-0.34.30.jar:/Users/shubhamr/.m2/repository/com/vladsch/flexmark/flexmark-ext-wikilink/0.34.30/flexmark-ext-wikilink-0.34.30.jar:/Users/shubhamr/.m2/repository/com/vladsch/flexmark/flexmark-ext-yaml-front-matter/0.34.30/flexmark-ext-yaml-front-matter-0.34.30.jar:/Users/shubhamr/.m2/repository/com/vladsch/flexmark/flexmark-ext-youtube-embedded/0.34.30/flexmark-ext-youtube-embedded-0.34.30.jar:/Users/shubhamr/.m2/repository/com/vladsch/flexmark/flexmark-formatter/0.34.30/flexmark-formatter-0.34.30.jar:/Users/shubhamr/.m2/repository/com/vladsch/flexmark/flexmark-html-parser/0.34.30/flexmark-html-parser-0.34.30.jar:/Users/shubhamr/.m2/repository/com/vladsch/flexmark/flexmark-jira-converter/0.34.30/flexmark-jira-converter-0.34.30.jar:/Users/shubhamr/.m2/repository/com/vladsch/flexmark/flexmark-pdf-converter/0.34.30/flexmark-pdf-converter-0.34.30.jar:/Users/shubhamr/.m2/repository/com/openhtmltopdf/openhtmltopdf-core/0.0.1-RC13/openhtmltopdf-core-0.0.1-RC13.jar:/Users/shubhamr/.m2/repository/com/openhtmltopdf/openhtmltopdf-pdfbox/0.0.1-RC13/openhtmltopdf-pdfbox-0.0.1-RC13.jar:/Users/shubhamr/.m2/repository/org/apache/pdfbox/pdfbox/2.0.8/pdfbox-2.0.8.jar:/Users/shubhamr/.m2/repository/org/apache/pdfbox/fontbox/2.0.8/fontbox-2.0.8.jar:/Users/shubhamr/.m2/repository/org/apache/pdfbox/xmpbox/2.0.8/xmpbox-2.0.8.jar:/Users/shubhamr/.m2/repository/de/rototor/pdfbox/graphics2d/0.12/graphics2d-0.12.jar:/Users/shubhamr/.m2/repository/com/openhtmltopdf/openhtmltopdf-rtl-support/0.0.1-RC13/openhtmltopdf-rtl-support-0.0.1-RC13.jar:/Users/shubhamr/.m2/repository/com/ibm/icu/icu4j/59.1/icu4j-59.1.jar:/Users/shubhamr/.m2/repository/com/openhtmltopdf/openhtmltopdf-jsoup-dom-converter/0.0.1-RC13/openhtmltopdf-jsoup-dom-converter-0.0.1-RC13.jar:/Users/shubhamr/.m2/repository/com/vladsch/flexmark/flexmark-profile-pegdown/0.34.30/flexmark-profile-pegdown-0.34.30.jar:/Users/shubhamr/.m2/repository/com/vladsch/flexmark/flexmark-util/0.34.30/flexmark-util-0.34.30.jar:/Users/shubhamr/.m2/repository/com/vladsch/flexmark/flexmark-youtrack-converter/0.34.30/flexmark-youtrack-converter-0.34.30.jar:/Users/shubhamr/.m2/repository/es/nitaur/markdown/txtmark/0.16/txtmark-0.16.jar:/Users/shubhamr/.m2/repository/net/serenity-bdd/serenity-report-resources/3.5.1/serenity-report-resources-3.5.1.jar:/Users/shubhamr/.m2/repository/com/google/code/gson/gson/2.9.0/gson-2.9.0.jar:/Users/shubhamr/.m2/repository/com/fasterxml/jackson/core/jackson-core/2.13.4/jackson-core-2.13.4.jar:/Users/shubhamr/.m2/repository/com/fasterxml/jackson/core/jackson-databind/2.13.4/jackson-databind-2.13.4.jar:/Users/shubhamr/.m2/repository/com/fasterxml/jackson/core/jackson-annotations/2.13.4/jackson-annotations-2.13.4.jar:/Users/shubhamr/.m2/repository/commons-codec/commons-codec/1.15/commons-codec-1.15.jar:/Users/shubhamr/.m2/repository/commons-io/commons-io/2.11.0/commons-io-2.11.0.jar:/Users/shubhamr/.m2/repository/org/apache/httpcomponents/httpclient/4.5.13/httpclient-4.5.13.jar:/Users/shubhamr/.m2/repository/org/apache/httpcomponents/httpcore/4.4.13/httpcore-4.4.13.jar:/Users/shubhamr/.m2/repository/commons-logging/commons-logging/1.2/commons-logging-1.2.jar:/Users/shubhamr/.m2/repository/org/seleniumhq/selenium/selenium-java/4.7.1/selenium-java-4.7.1.jar:/Users/shubhamr/.m2/repository/org/seleniumhq/selenium/selenium-devtools-v106/4.7.1/selenium-devtools-v106-4.7.1.jar:/Users/shubhamr/.m2/repository/org/seleniumhq/selenium/selenium-devtools-v107/4.7.1/selenium-devtools-v107-4.7.1.jar:/Users/shubhamr/.m2/repository/org/seleniumhq/selenium/selenium-devtools-v108/4.7.1/selenium-devtools-v108-4.7.1.jar:/Users/shubhamr/.m2/repository/org/seleniumhq/selenium/selenium-devtools-v85/4.7.1/selenium-devtools-v85-4.7.1.jar:/Users/shubhamr/.m2/repository/org/seleniumhq/selenium/selenium-remote-driver/4.7.1/selenium-remote-driver-4.7.1.jar:/Users/shubhamr/.m2/repository/com/beust/jcommander/1.82/jcommander-1.82.jar:/Users/shubhamr/.m2/repository/io/netty/netty-buffer/4.1.84.Final/netty-buffer-4.1.84.Final.jar:/Users/shubhamr/.m2/repository/io/netty/netty-codec-http/4.1.84.Final/netty-codec-http-4.1.84.Final.jar:/Users/shubhamr/.m2/repository/io/netty/netty-codec/4.1.84.Final/netty-codec-4.1.84.Final.jar:/Users/shubhamr/.m2/repository/io/netty/netty-handler/4.1.84.Final/netty-handler-4.1.84.Final.jar:/Users/shubhamr/.m2/repository/io/netty/netty-common/4.1.84.Final/netty-common-4.1.84.Final.jar:/Users/shubhamr/.m2/repository/io/netty/netty-transport-classes-epoll/4.1.84.Final/netty-transport-classes-epoll-4.1.84.Final.jar:/Users/shubhamr/.m2/repository/io/netty/netty-transport-classes-kqueue/4.1.84.Final/netty-transport-classes-kqueue-4.1.84.Final.jar:/Users/shubhamr/.m2/repository/io/netty/netty-transport-native-epoll/4.1.84.Final/netty-transport-native-epoll-4.1.84.Final.jar:/Users/shubhamr/.m2/repository/io/netty/netty-transport-native-kqueue/4.1.84.Final/netty-transport-native-kqueue-4.1.84.Final.jar:/Users/shubhamr/.m2/repository/io/netty/netty-transport-native-unix-common/4.1.84.Final/netty-transport-native-unix-common-4.1.84.Final.jar:/Users/shubhamr/.m2/repository/io/netty/netty-transport/4.1.84.Final/netty-transport-4.1.84.Final.jar:/Users/shubhamr/.m2/repository/io/netty/netty-resolver/4.1.84.Final/netty-resolver-4.1.84.Final.jar:/Users/shubhamr/.m2/repository/io/opentelemetry/opentelemetry-api/1.19.0/opentelemetry-api-1.19.0.jar:/Users/shubhamr/.m2/repository/io/opentelemetry/opentelemetry-context/1.19.0/opentelemetry-context-1.19.0.jar:/Users/shubhamr/.m2/repository/io/opentelemetry/opentelemetry-exporter-logging/1.19.0/opentelemetry-exporter-logging-1.19.0.jar:/Users/shubhamr/.m2/repository/io/opentelemetry/opentelemetry-sdk-metrics/1.19.0/opentelemetry-sdk-metrics-1.19.0.jar:/Users/shubhamr/.m2/repository/io/opentelemetry/opentelemetry-sdk-logs/1.19.0-alpha/opentelemetry-sdk-logs-1.19.0-alpha.jar:/Users/shubhamr/.m2/repository/io/opentelemetry/opentelemetry-api-logs/1.19.0-alpha/opentelemetry-api-logs-1.19.0-alpha.jar:/Users/shubhamr/.m2/repository/io/opentelemetry/opentelemetry-sdk-common/1.19.0/opentelemetry-sdk-common-1.19.0.jar:/Users/shubhamr/.m2/repository/io/opentelemetry/opentelemetry-sdk-extension-autoconfigure-spi/1.19.0/opentelemetry-sdk-extension-autoconfigure-spi-1.19.0.jar:/Users/shubhamr/.m2/repository/io/opentelemetry/opentelemetry-sdk-extension-autoconfigure/1.19.0-alpha/opentelemetry-sdk-extension-autoconfigure-1.19.0-alpha.jar:/Users/shubhamr/.m2/repository/io/opentelemetry/opentelemetry-exporter-common/1.19.0/opentelemetry-exporter-common-1.19.0.jar:/Users/shubhamr/.m2/repository/io/opentelemetry/opentelemetry-sdk-trace/1.19.0/opentelemetry-sdk-trace-1.19.0.jar:/Users/shubhamr/.m2/repository/io/opentelemetry/opentelemetry-sdk/1.19.0/opentelemetry-sdk-1.19.0.jar:/Users/shubhamr/.m2/repository/io/opentelemetry/opentelemetry-semconv/1.19.0-alpha/opentelemetry-semconv-1.19.0-alpha.jar:/Users/shubhamr/.m2/repository/io/ous/jtoml/2.0.0/jtoml-2.0.0.jar:/Users/shubhamr/.m2/repository/org/apache/commons/commons-exec/1.3/commons-exec-1.3.jar:/Users/shubhamr/.m2/repository/org/asynchttpclient/async-http-client/2.12.3/async-http-client-2.12.3.jar:/Users/shubhamr/.m2/repository/org/asynchttpclient/async-http-client-netty-utils/2.12.3/async-http-client-netty-utils-2.12.3.jar:/Users/shubhamr/.m2/repository/io/netty/netty-codec-socks/4.1.60.Final/netty-codec-socks-4.1.60.Final.jar:/Users/shubhamr/.m2/repository/io/netty/netty-handler-proxy/4.1.60.Final/netty-handler-proxy-4.1.60.Final.jar:/Users/shubhamr/.m2/repository/io/netty/netty-transport-native-epoll/4.1.60.Final/netty-transport-native-epoll-4.1.60.Final-linux-x86_64.jar:/Users/shubhamr/.m2/repository/io/netty/netty-transport-native-kqueue/4.1.60.Final/netty-transport-native-kqueue-4.1.60.Final-osx-x86_64.jar:/Users/shubhamr/.m2/repository/org/reactivestreams/reactive-streams/1.0.3/reactive-streams-1.0.3.jar:/Users/shubhamr/.m2/repository/com/typesafe/netty/netty-reactive-streams/2.0.4/netty-reactive-streams-2.0.4.jar:/Users/shubhamr/.m2/repository/org/seleniumhq/selenium/selenium-manager/4.7.1/selenium-manager-4.7.1.jar:/Users/shubhamr/.m2/repository/org/seleniumhq/selenium/selenium-safari-driver/4.7.1/selenium-safari-driver-4.7.1.jar:/Users/shubhamr/.m2/repository/org/seleniumhq/selenium/selenium-api/4.7.1/selenium-api-4.7.1.jar:/Users/shubhamr/.m2/repository/org/seleniumhq/selenium/selenium-support/4.7.1/selenium-support-4.7.1.jar:/Users/shubhamr/.m2/repository/com/google/auto/service/auto-service-annotations/1.0.1/auto-service-annotations-1.0.1.jar:/Users/shubhamr/.m2/repository/com/google/auto/service/auto-service/1.0.1/auto-service-1.0.1.jar:/Users/shubhamr/.m2/repository/com/google/auto/auto-common/1.2/auto-common-1.2.jar:/Users/shubhamr/.m2/repository/org/seleniumhq/selenium/selenium-json/4.7.1/selenium-json-4.7.1.jar:/Users/shubhamr/.m2/repository/org/seleniumhq/selenium/selenium-chrome-driver/4.7.1/selenium-chrome-driver-4.7.1.jar:/Users/shubhamr/.m2/repository/org/seleniumhq/selenium/selenium-chromium-driver/4.7.1/selenium-chromium-driver-4.7.1.jar:/Users/shubhamr/.m2/repository/org/seleniumhq/selenium/selenium-firefox-driver/4.7.1/selenium-firefox-driver-4.7.1.jar:/Users/shubhamr/.m2/repository/org/seleniumhq/selenium/selenium-http/4.7.1/selenium-http-4.7.1.jar:/Users/shubhamr/.m2/repository/dev/failsafe/failsafe/3.3.0/failsafe-3.3.0.jar:/Users/shubhamr/.m2/repository/org/seleniumhq/selenium/selenium-edge-driver/4.7.1/selenium-edge-driver-4.7.1.jar:/Users/shubhamr/.m2/repository/org/seleniumhq/selenium/selenium-ie-driver/4.7.1/selenium-ie-driver-4.7.1.jar:/Users/shubhamr/.m2/repository/org/projectlombok/lombok/1.18.20/lombok-1.18.20.jar:/Users/shubhamr/.m2/repository/io/appium/java-client/8.3.0/java-client-8.3.0.jar:/Users/shubhamr/.m2/repository/commons-validator/commons-validator/1.7/commons-validator-1.7.jar:/Users/shubhamr/.m2/repository/commons-digester/commons-digester/2.1/commons-digester-2.1.jar:/Users/shubhamr/.m2/repository/org/apache/groovy/groovy/4.0.6/groovy-4.0.6.jar:/Users/shubhamr/.m2/repository/net/sf/opencsv/opencsv/2.0/opencsv-2.0.jar:/Users/shubhamr/.m2/repository/commons-beanutils/commons-beanutils/1.9.4/commons-beanutils-1.9.4.jar:/Users/shubhamr/.m2/repository/org/apache/commons/commons-lang3/3.12.0/commons-lang3-3.12.0.jar:/Users/shubhamr/.m2/repository/commons-collections/commons-collections/3.2.2/commons-collections-3.2.2.jar:/Users/shubhamr/.m2/repository/org/fluentlenium/fluentlenium-core/0.10.2/fluentlenium-core-0.10.2.jar:/Users/shubhamr/.m2/repository/io/github/bonigarcia/webdrivermanager/5.3.0/webdrivermanager-5.3.0.jar:/Users/shubhamr/.m2/repository/com/github/docker-java/docker-java/3.2.13/docker-java-3.2.13.jar:/Users/shubhamr/.m2/repository/com/github/docker-java/docker-java-core/3.2.13/docker-java-core-3.2.13.jar:/Users/shubhamr/.m2/repository/com/github/docker-java/docker-java-api/3.2.13/docker-java-api-3.2.13.jar:/Users/shubhamr/.m2/repository/org/apache/commons/commons-compress/1.21/commons-compress-1.21.jar:/Users/shubhamr/.m2/repository/org/bouncycastle/bcpkix-jdk15on/1.64/bcpkix-jdk15on-1.64.jar:/Users/shubhamr/.m2/repository/org/bouncycastle/bcprov-jdk15on/1.64/bcprov-jdk15on-1.64.jar:/Users/shubhamr/.m2/repository/org/slf4j/jcl-over-slf4j/1.7.30/jcl-over-slf4j-1.7.30.jar:/Users/shubhamr/.m2/repository/com/github/docker-java/docker-java-transport-httpclient5/3.2.13/docker-java-transport-httpclient5-3.2.13.jar:/Users/shubhamr/.m2/repository/com/github/docker-java/docker-java-transport/3.2.13/docker-java-transport-3.2.13.jar:/Users/shubhamr/.m2/repository/net/java/dev/jna/jna/5.8.0/jna-5.8.0.jar:/Users/shubhamr/.m2/repository/org/brotli/dec/0.1.2/dec-0.1.2.jar:/Users/shubhamr/.m2/repository/org/apache/httpcomponents/client5/httpclient5/5.1.3/httpclient5-5.1.3.jar:/Users/shubhamr/.m2/repository/org/apache/httpcomponents/core5/httpcore5/5.1.3/httpcore5-5.1.3.jar:/Users/shubhamr/.m2/repository/org/apache/httpcomponents/core5/httpcore5-h2/5.1.3/httpcore5-h2-5.1.3.jar:/Users/shubhamr/.m2/repository/com/jhlabs/filters/2.0.235/filters-2.0.235.jar:/Users/shubhamr/.m2/repository/com/paulhammant/ngwebdriver/1.1.6/ngwebdriver-1.1.6.jar:/Users/shubhamr/.m2/repository/joda-time/joda-time/2.8.2/joda-time-2.8.2.jar:/Users/shubhamr/.m2/repository/org/hamcrest/hamcrest/2.2/hamcrest-2.2.jar:/Users/shubhamr/.m2/repository/com/google/jimfs/jimfs/1.2/jimfs-1.2.jar:/Users/shubhamr/.m2/repository/org/mockito/mockito-core/3.3.3/mockito-core-3.3.3.jar:/Users/shubhamr/.m2/repository/org/assertj/assertj-core/3.22.0/assertj-core-3.22.0.jar:/Users/shubhamr/.m2/repository/javax/xml/bind/jaxb-api/2.3.1/jaxb-api-2.3.1.jar:/Users/shubhamr/.m2/repository/javax/activation/javax.activation-api/1.2.0/javax.activation-api-1.2.0.jar:/Users/shubhamr/.m2/repository/com/sun/xml/bind/jaxb-core/2.3.0.1/jaxb-core-2.3.0.1.jar:/Users/shubhamr/.m2/repository/com/sun/xml/bind/jaxb-impl/2.3.3/jaxb-impl-2.3.3.jar:/Users/shubhamr/.m2/repository/jakarta/xml/bind/jakarta.xml.bind-api/2.3.3/jakarta.xml.bind-api-2.3.3.jar:/Users/shubhamr/.m2/repository/com/sun/activation/jakarta.activation/1.2.2/jakarta.activation-1.2.2.jar:/Users/shubhamr/.m2/repository/javax/activation/activation/1.1.1/activation-1.1.1.jar:/Users/shubhamr/.m2/repository/net/serenity-bdd/serenity-junit/3.5.1/serenity-junit-3.5.1.jar:/Users/shubhamr/.m2/repository/junit/junit/4.13.2/junit-4.13.2.jar:/Users/shubhamr/.m2/repository/net/serenity-bdd/serenity-rest-assured/3.5.1/serenity-rest-assured-3.5.1.jar:/Users/shubhamr/.m2/repository/io/rest-assured/rest-assured/5.2.0/rest-assured-5.2.0.jar:/Users/shubhamr/.m2/repository/org/apache/httpcomponents/httpmime/4.5.13/httpmime-4.5.13.jar:/Users/shubhamr/.m2/repository/org/ccil/cowan/tagsoup/tagsoup/1.2.1/tagsoup-1.2.1.jar:/Users/shubhamr/.m2/repository/io/rest-assured/json-path/5.2.0/json-path-5.2.0.jar:/Users/shubhamr/.m2/repository/io/rest-assured/rest-assured-common/5.2.0/rest-assured-common-5.2.0.jar:/Users/shubhamr/.m2/repository/io/rest-assured/xml-path/5.2.0/xml-path-5.2.0.jar:/Users/shubhamr/.m2/repository/org/apache/groovy/groovy-json/4.0.6/groovy-json-4.0.6.jar:/Users/shubhamr/.m2/repository/org/apache/groovy/groovy-xml/4.0.6/groovy-xml-4.0.6.jar:/Users/shubhamr/.m2/repository/org/opentest4j/opentest4j/1.2.0/opentest4j-1.2.0.jar:/Users/shubhamr/.m2/repository/net/serenity-bdd/serenity-cucumber/3.5.1/serenity-cucumber-3.5.1.jar:/Users/shubhamr/.m2/repository/net/serenity-bdd/serenity-screenplay/3.5.1/serenity-screenplay-3.5.1.jar:/Users/shubhamr/.m2/repository/net/serenity-bdd/serenity-screenplay-webdriver/3.5.1/serenity-screenplay-webdriver-3.5.1.jar:/Users/shubhamr/.m2/repository/io/cucumber/cucumber-core/7.8.1/cucumber-core-7.8.1.jar:/Users/shubhamr/.m2/repository/io/cucumber/cucumber-gherkin/7.8.1/cucumber-gherkin-7.8.1.jar:/Users/shubhamr/.m2/repository/io/cucumber/cucumber-gherkin-messages/7.8.1/cucumber-gherkin-messages-7.8.1.jar:/Users/shubhamr/.m2/repository/io/cucumber/gherkin/24.0.0/gherkin-24.0.0.jar:/Users/shubhamr/.m2/repository/io/cucumber/messages/19.1.4/messages-19.1.4.jar:/Users/shubhamr/.m2/repository/io/cucumber/tag-expressions/4.1.0/tag-expressions-4.1.0.jar:/Users/shubhamr/.m2/repository/io/cucumber/cucumber-expressions/16.0.0/cucumber-expressions-16.0.0.jar:/Users/shubhamr/.m2/repository/io/cucumber/datatable/7.8.1/datatable-7.8.1.jar:/Users/shubhamr/.m2/repository/io/cucumber/cucumber-plugin/7.8.1/cucumber-plugin-7.8.1.jar:/Users/shubhamr/.m2/repository/io/cucumber/docstring/7.8.1/docstring-7.8.1.jar:/Users/shubhamr/.m2/repository/io/cucumber/html-formatter/20.1.0/html-formatter-20.1.0.jar:/Users/shubhamr/.m2/repository/io/cucumber/ci-environment/9.1.0/ci-environment-9.1.0.jar:/Users/shubhamr/.m2/repository/io/cucumber/cucumber-java/7.8.1/cucumber-java-7.8.1.jar:/Users/shubhamr/.m2/repository/io/cucumber/cucumber-junit/7.8.1/cucumber-junit-7.8.1.jar:/Users/shubhamr/.m2/repository/org/apiguardian/apiguardian-api/1.1.2/apiguardian-api-1.1.2.jar:/Users/shubhamr/.m2/repository/org/apache/commons/commons-csv/1.5/commons-csv-1.5.jar:/Users/shubhamr/.m2/repository/org/apache/logging/log4j/log4j-api/2.19.0/log4j-api-2.19.0.jar:/Users/shubhamr/.m2/repository/org/apache/logging/log4j/log4j-core/2.19.0/log4j-core-2.19.0.jar:/Users/shubhamr/.m2/repository/org/apache/maven/surefire/surefire-junit47/3.0.0-M5/surefire-junit47-3.0.0-M5.jar:/Users/shubhamr/.m2/repository/org/apache/maven/surefire/common-java5/3.0.0-M5/common-java5-3.0.0-M5.jar:/Users/shubhamr/.m2/repository/org/apache/maven/surefire/common-junit3/3.0.0-M5/common-junit3-3.0.0-M5.jar:/Users/shubhamr/.m2/repository/org/apache/maven/surefire/common-junit4/3.0.0-M5/common-junit4-3.0.0-M5.jar:/Users/shubhamr/.m2/repository/org/apache/maven/surefire/common-junit48/3.0.0-M5/common-junit48-3.0.0-M5.jar:/Users/shubhamr/.m2/repository/org/apache/maven/surefire/surefire-grouper/3.0.0-M5/surefire-grouper-3.0.0-M5.jar"/>
    <property name="java.protocol.handler.pkgs" value="com.google.common"/>
    <property name="sun.management.compiler" value="HotSpot 64-Bit Tiered Compilers"/>
    <property name="ftp.nonProxyHosts" value="local|*.local|169.254/16|*.169.254/16"/>
    <property name="java.runtime.version" value="11.0.14.1+1-b2043.25"/>
    <property name="user.name" value="shubhamr"/>
    <property name="path.separator" value=":"/>
    <property name="otel.metrics.exporter" value="none"/>
    <property name="os.version" value="13.0.1"/>
    <property name="java.runtime.name" value="OpenJDK Runtime Environment"/>
    <property name="otel.traces.exporter" value="none"/>
    <property name="file.encoding" value="US-ASCII"/>
    <property name="java.vm.name" value="OpenJDK 64-Bit Server VM"/>
    <property name="java.vendor.version" value="JBR-11.0.14.1.1-2043.25-jcef"/>
    <property name="localRepository" value="/Users/shubhamr/.m2/repository"/>
    <property name="java.vendor.url.bug" value="https://bugreport.java.com/bugreport/"/>
    <property name="java.io.tmpdir" value="/var/folders/h3/8sbq2sjs45l6jgx9q_hyv7mh0000gq/T/"/>
    <property name="idea.version" value="2022.1"/>
    <property name="java.version" value="11.0.14.1"/>
    <property name="user.dir" value="/Users/shubhamr/Downloads/SerenityBDD"/>
    <property name="os.arch" value="aarch64"/>
    <property name="java.vm.specification.name" value="Java Virtual Machine Specification"/>
    <property name="java.awt.printerjob" value="sun.lwawt.macosx.CPrinterJob"/>
    <property name="sun.os.patch.level" value="unknown"/>
    <property name="java.library.path" value="/Users/shubhamr/Library/Java/Extensions:/Library/Java/Extensions:/Network/Library/Java/Extensions:/System/Library/Java/Extensions:/usr/lib/java:."/>
    <property name="java.vm.info" value="mixed mode"/>
    <property name="java.vendor" value="JetBrains s.r.o."/>
    <property name="java.vm.version" value="11.0.14.1+1-b2043.25"/>
    <property name="sun.io.unicode.encoding" value="UnicodeBig"/>
    <property name="java.class.version" value="55.0"/>
    <property name="socksNonProxyHosts" value="local|*.local|169.254/16|*.169.254/16"/>
  </properties>
  <testcase name="Testing Gmail" classname="Google" time="50.1">
    <system-out><![CDATA[┌───────────────────────────────────────────────────────────────────────────────────┐
│ Share your Cucumber Report with your team at https://reports.cucumber.io          │
│ Activate publishing with one of the following:                                    │
│                                                                                   │
│ src/test/resources/cucumber.properties:          cucumber.publish.enabled=true    │
│ src/test/resources/junit-platform.properties:    cucumber.publish.enabled=true    │
│ Environment variable:                            CUCUMBER_PUBLISH_ENABLED=true    │
│ JUnit:                                           @CucumberOptions(publish = true) │
│                                                                                   │
│ More information at https://cucumber.io/docs/cucumber/environment-variables/      │
│                                                                                   │
│ Disable this message with one of the following:                                   │
│                                                                                   │
│ src/test/resources/cucumber.properties:          cucumber.publish.quiet=true      │
│ src/test/resources/junit-platform.properties:    cucumber.publish.quiet=true      │
└───────────────────────────────────────────────────────────────────────────────────┘


@test
Scenario: Testing Gmail     # src/test/resources/features/Google.feature:4
-----------****************--------Testing Gmail
Launched
[DEBUG] 2023-02-02 21:04:16.124 [pool-2-thread-1] InternalLoggerFactory - Using Log4J2 as the default logging framework
[DEBUG] 2023-02-02 21:04:16.128 [pool-2-thread-1] ResourceLeakDetector - -Dio.netty.leakDetection.level: simple
[DEBUG] 2023-02-02 21:04:16.128 [pool-2-thread-1] ResourceLeakDetector - -Dio.netty.leakDetection.targetRecords: 4
[DEBUG] 2023-02-02 21:04:16.131 [pool-2-thread-1] ResourceLeakDetectorFactory - Loaded default ResourceLeakDetector: io.netty.util.ResourceLeakDetector@3236387d
[DEBUG] 2023-02-02 21:04:16.140 [pool-2-thread-1] PlatformDependent0 - -Dio.netty.noUnsafe: false
[DEBUG] 2023-02-02 21:04:16.140 [pool-2-thread-1] PlatformDependent0 - Java version: 11
[DEBUG] 2023-02-02 21:04:16.140 [pool-2-thread-1] PlatformDependent0 - sun.misc.Unsafe.theUnsafe: available
[DEBUG] 2023-02-02 21:04:16.140 [pool-2-thread-1] PlatformDependent0 - sun.misc.Unsafe.copyMemory: available
[DEBUG] 2023-02-02 21:04:16.140 [pool-2-thread-1] PlatformDependent0 - sun.misc.Unsafe.storeFence: available
[DEBUG] 2023-02-02 21:04:16.140 [pool-2-thread-1] PlatformDependent0 - java.nio.Buffer.address: available
[DEBUG] 2023-02-02 21:04:16.141 [pool-2-thread-1] PlatformDependent0 - direct buffer constructor: unavailable: Reflective setAccessible(true) disabled
[DEBUG] 2023-02-02 21:04:16.141 [pool-2-thread-1] PlatformDependent0 - java.nio.Bits.unaligned: available, true
[DEBUG] 2023-02-02 21:04:16.141 [pool-2-thread-1] PlatformDependent0 - jdk.internal.misc.Unsafe.allocateUninitializedArray(int): unavailable: class io.netty.util.internal.PlatformDependent0$7 cannot access class jdk.internal.misc.Unsafe (in module java.base) because module java.base does not export jdk.internal.misc to unnamed module @346939bf
[DEBUG] 2023-02-02 21:04:16.142 [pool-2-thread-1] PlatformDependent0 - java.nio.DirectByteBuffer.<init>(long, int): unavailable
[DEBUG] 2023-02-02 21:04:16.142 [pool-2-thread-1] PlatformDependent - sun.misc.Unsafe: available
[DEBUG] 2023-02-02 21:04:16.142 [pool-2-thread-1] PlatformDependent - maxDirectMemory: 1073741824 bytes (maybe)
[DEBUG] 2023-02-02 21:04:16.142 [pool-2-thread-1] PlatformDependent - -Dio.netty.tmpdir: /var/folders/h3/8sbq2sjs45l6jgx9q_hyv7mh0000gq/T (java.io.tmpdir)
[DEBUG] 2023-02-02 21:04:16.142 [pool-2-thread-1] PlatformDependent - -Dio.netty.bitMode: 64 (sun.arch.data.model)
[DEBUG] 2023-02-02 21:04:16.142 [pool-2-thread-1] PlatformDependent - Platform: MacOS
[DEBUG] 2023-02-02 21:04:16.142 [pool-2-thread-1] PlatformDependent - -Dio.netty.maxDirectMemory: -1 bytes
[DEBUG] 2023-02-02 21:04:16.142 [pool-2-thread-1] PlatformDependent - -Dio.netty.uninitializedArrayAllocationThreshold: -1
[DEBUG] 2023-02-02 21:04:16.143 [pool-2-thread-1] CleanerJava9 - java.nio.ByteBuffer.cleaner(): available
[DEBUG] 2023-02-02 21:04:16.143 [pool-2-thread-1] PlatformDependent - -Dio.netty.noPreferDirect: false
[DEBUG] 2023-02-02 21:04:16.146 [pool-2-thread-1] PlatformDependent - org.jctools-core.MpscChunkedArrayQueue: available
[DEBUG] 2023-02-02 21:04:16.156 [pool-2-thread-1] InternalThreadLocalMap - -Dio.netty.threadLocalMap.stringBuilder.initialSize: 1024
[DEBUG] 2023-02-02 21:04:16.156 [pool-2-thread-1] InternalThreadLocalMap - -Dio.netty.threadLocalMap.stringBuilder.maxSize: 4096
[DEBUG] 2023-02-02 21:04:16.227 [pool-2-thread-1] JdkSslContext - Default protocols (JDK): [TLSv1.3, TLSv1.2] 
[DEBUG] 2023-02-02 21:04:16.227 [pool-2-thread-1] JdkSslContext - Default cipher suites (JDK): [TLS_ECDHE_ECDSA_WITH_AES_256_GCM_SHA384, TLS_ECDHE_ECDSA_WITH_AES_128_GCM_SHA256, TLS_ECDHE_RSA_WITH_AES_128_GCM_SHA256, TLS_ECDHE_RSA_WITH_AES_256_GCM_SHA384, TLS_ECDHE_RSA_WITH_AES_128_CBC_SHA, TLS_ECDHE_RSA_WITH_AES_256_CBC_SHA, TLS_RSA_WITH_AES_128_GCM_SHA256, TLS_RSA_WITH_AES_128_CBC_SHA, TLS_RSA_WITH_AES_256_CBC_SHA, TLS_AES_128_GCM_SHA256, TLS_AES_256_GCM_SHA384]
[DEBUG] 2023-02-02 21:04:16.238 [pool-2-thread-1] MultithreadEventLoopGroup - -Dio.netty.eventLoopThreads: 16
[DEBUG] 2023-02-02 21:04:16.242 [pool-2-thread-1] NioEventLoop - -Dio.netty.noKeySetOptimization: false
[DEBUG] 2023-02-02 21:04:16.242 [pool-2-thread-1] NioEventLoop - -Dio.netty.selectorAutoRebuildThreshold: 512
[DEBUG] 2023-02-02 21:04:16.256 [pool-2-thread-1] PooledByteBufAllocator - -Dio.netty.allocator.numHeapArenas: 16
[DEBUG] 2023-02-02 21:04:16.256 [pool-2-thread-1] PooledByteBufAllocator - -Dio.netty.allocator.numDirectArenas: 16
[DEBUG] 2023-02-02 21:04:16.256 [pool-2-thread-1] PooledByteBufAllocator - -Dio.netty.allocator.pageSize: 8192
[DEBUG] 2023-02-02 21:04:16.256 [pool-2-thread-1] PooledByteBufAllocator - -Dio.netty.allocator.maxOrder: 9
[DEBUG] 2023-02-02 21:04:16.256 [pool-2-thread-1] PooledByteBufAllocator - -Dio.netty.allocator.chunkSize: 4194304
[DEBUG] 2023-02-02 21:04:16.256 [pool-2-thread-1] PooledByteBufAllocator - -Dio.netty.allocator.smallCacheSize: 256
[DEBUG] 2023-02-02 21:04:16.256 [pool-2-thread-1] PooledByteBufAllocator - -Dio.netty.allocator.normalCacheSize: 64
[DEBUG] 2023-02-02 21:04:16.256 [pool-2-thread-1] PooledByteBufAllocator - -Dio.netty.allocator.maxCachedBufferCapacity: 32768
[DEBUG] 2023-02-02 21:04:16.256 [pool-2-thread-1] PooledByteBufAllocator - -Dio.netty.allocator.cacheTrimInterval: 8192
[DEBUG] 2023-02-02 21:04:16.256 [pool-2-thread-1] PooledByteBufAllocator - -Dio.netty.allocator.cacheTrimIntervalMillis: 0
[DEBUG] 2023-02-02 21:04:16.256 [pool-2-thread-1] PooledByteBufAllocator - -Dio.netty.allocator.useCacheForAllThreads: false
[DEBUG] 2023-02-02 21:04:16.256 [pool-2-thread-1] PooledByteBufAllocator - -Dio.netty.allocator.maxCachedByteBuffersPerChunk: 1023
[DEBUG] 2023-02-02 21:04:16.260 [pool-2-thread-1] ByteBufUtil - -Dio.netty.allocator.type: pooled
[DEBUG] 2023-02-02 21:04:16.260 [pool-2-thread-1] ByteBufUtil - -Dio.netty.threadLocalDirectBufferSize: 0
[DEBUG] 2023-02-02 21:04:16.260 [pool-2-thread-1] ByteBufUtil - -Dio.netty.maxThreadLocalCharBufferSize: 16384
[DEBUG] 2023-02-02 21:04:16.409 [AsyncHttpClient-1-2] AbstractByteBuf - -Dio.netty.buffer.checkAccessible: true
[DEBUG] 2023-02-02 21:04:16.409 [AsyncHttpClient-1-2] AbstractByteBuf - -Dio.netty.buffer.checkBounds: true
[DEBUG] 2023-02-02 21:04:16.409 [AsyncHttpClient-1-2] ResourceLeakDetectorFactory - Loaded default ResourceLeakDetector: io.netty.util.ResourceLeakDetector@12717cda
[DEBUG] 2023-02-02 21:04:16.551 [AsyncHttpClient-1-2] InsecureTrustManagerFactory - Accepting a server certificate: CN=lambdatest.com
[DEBUG] 2023-02-02 21:04:16.624 [AsyncHttpClient-1-2] SslHandler - [id: 0x70589f23, L:/192.168.100.194:50652 - R:hub.lambdatest.com/65.0.196.161:443] HANDSHAKEN: protocol:TLSv1.2 cipher suite:TLS_ECDHE_RSA_WITH_AES_128_GCM_SHA256
  Given user launch browser # stepDefs.GoogleStepDef.user_launch_browser()
URL entered
  When user enter url       # stepDefs.GoogleStepDef.user_enter_url()
Title verified
  Then verify title         # stepDefs.GoogleStepDef.verify_title()
]]></system-out>
    <system-err><![CDATA[Feb 02, 2023 9:04:16 PM org.openqa.selenium.remote.tracing.opentelemetry.OpenTelemetryTracer createTracer
INFO: Using OpenTelemetry for tracing
]]></system-err>
  </testcase>
</testsuite>